0 verbose cli /data/data/com.termux/files/usr/bin/node /data/data/com.termux/files/usr/bin/npm
1 info using npm@11.5.1
2 info using node@v24.5.0
3 silly config load:file:/data/data/com.termux/files/usr/lib/node_modules/npm/npmrc
4 silly config load:file:/data/data/com.termux/files/home/telegram-bot-base/.npmrc
5 silly config load:file:/data/data/com.termux/files/home/.npmrc
6 silly config load:file:/data/data/com.termux/files/usr/etc/npmrc
7 verbose title npm install
8 verbose argv "install"
9 verbose logfile logs-max:10 dir:/data/data/com.termux/files/home/.npm/_logs/2025-08-11T23_37_32_118Z-
10 verbose logfile /data/data/com.termux/files/home/.npm/_logs/2025-08-11T23_37_32_118Z-debug-0.log
11 silly logfile done cleaning log files
12 silly packumentCache heap:1174405120 maxSize:293601280 maxEntrySize:146800640
13 silly idealTree buildDeps
14 silly fetch manifest archiver@^7.0.1
15 silly packumentCache full:https://registry.npmjs.org/archiver cache-miss
16 http fetch GET 200 https://registry.npmjs.org/archiver 520ms (cache miss)
17 silly packumentCache full:https://registry.npmjs.org/archiver set size:undefined disposed:false
18 silly fetch manifest axios@^1.11.0
19 silly packumentCache full:https://registry.npmjs.org/axios cache-miss
20 http fetch GET 200 https://registry.npmjs.org/axios 157ms (cache miss)
21 silly packumentCache full:https://registry.npmjs.org/axios set size:undefined disposed:false
22 silly fetch manifest form-data@^4.0.4
23 silly packumentCache full:https://registry.npmjs.org/form-data cache-miss
24 http fetch GET 200 https://registry.npmjs.org/form-data 99ms (cache miss)
25 silly packumentCache full:https://registry.npmjs.org/form-data set size:undefined disposed:false
26 silly fetch manifest telegraf@^4.16.0
27 silly packumentCache full:https://registry.npmjs.org/telegraf cache-miss
28 http fetch GET 200 https://registry.npmjs.org/telegraf 154ms (cache miss)
29 silly packumentCache full:https://registry.npmjs.org/telegraf set size:undefined disposed:false
30 silly placeDep ROOT archiver@7.0.1 OK for: telegram-base-bot@2.0.1 want: ^7.0.1
31 silly placeDep ROOT axios@1.11.0 OK for: telegram-base-bot@2.0.1 want: ^1.11.0
32 silly placeDep ROOT form-data@4.0.4 OK for: telegram-base-bot@2.0.1 want: ^4.0.4
33 silly placeDep ROOT telegraf@4.16.3 OK for: telegram-base-bot@2.0.1 want: ^4.16.0
34 silly fetch manifest archiver-utils@^5.0.2
35 silly packumentCache full:https://registry.npmjs.org/archiver-utils cache-miss
36 silly fetch manifest async@^3.2.4
37 silly packumentCache full:https://registry.npmjs.org/async cache-miss
38 silly fetch manifest buffer-crc32@^1.0.0
39 silly packumentCache full:https://registry.npmjs.org/buffer-crc32 cache-miss
40 silly fetch manifest readable-stream@^4.0.0
41 silly packumentCache full:https://registry.npmjs.org/readable-stream cache-miss
42 silly fetch manifest readdir-glob@^1.1.2
43 silly packumentCache full:https://registry.npmjs.org/readdir-glob cache-miss
44 silly fetch manifest tar-stream@^3.0.0
45 silly packumentCache full:https://registry.npmjs.org/tar-stream cache-miss
46 silly fetch manifest zip-stream@^6.0.1
47 silly packumentCache full:https://registry.npmjs.org/zip-stream cache-miss
48 http fetch GET 200 https://registry.npmjs.org/archiver-utils 115ms (cache miss)
49 silly packumentCache full:https://registry.npmjs.org/archiver-utils set size:undefined disposed:false
50 silly fetch manifest proxy-from-env@^1.1.0
51 silly packumentCache full:https://registry.npmjs.org/proxy-from-env cache-miss
52 http fetch GET 200 https://registry.npmjs.org/proxy-from-env 107ms (cache miss)
53 silly packumentCache full:https://registry.npmjs.org/proxy-from-env set size:undefined disposed:false
54 silly fetch manifest follow-redirects@^1.15.6
55 silly packumentCache full:https://registry.npmjs.org/follow-redirects cache-miss
56 http fetch GET 200 https://registry.npmjs.org/readdir-glob 338ms (cache miss)
57 silly packumentCache full:https://registry.npmjs.org/readdir-glob set size:undefined disposed:false
58 silly fetch manifest hasown@^2.0.2
59 silly packumentCache full:https://registry.npmjs.org/hasown cache-miss
60 http fetch GET 200 https://registry.npmjs.org/buffer-crc32 348ms (cache miss)
61 silly packumentCache full:https://registry.npmjs.org/buffer-crc32 set size:undefined disposed:false
62 silly fetch manifest asynckit@^0.4.0
63 silly packumentCache full:https://registry.npmjs.org/asynckit cache-miss
64 http fetch GET 200 https://registry.npmjs.org/follow-redirects 126ms (cache miss)
65 silly packumentCache full:https://registry.npmjs.org/follow-redirects set size:undefined disposed:false
66 silly fetch manifest mime-types@^2.1.12
67 silly packumentCache full:https://registry.npmjs.org/mime-types cache-miss
68 http fetch GET 200 https://registry.npmjs.org/zip-stream 368ms (cache miss)
69 silly packumentCache full:https://registry.npmjs.org/zip-stream set size:undefined disposed:false
70 silly fetch manifest combined-stream@^1.0.8
71 silly packumentCache full:https://registry.npmjs.org/combined-stream cache-miss
72 http fetch GET 200 https://registry.npmjs.org/tar-stream 379ms (cache miss)
73 silly packumentCache full:https://registry.npmjs.org/tar-stream set size:undefined disposed:false
74 silly fetch manifest es-set-tostringtag@^2.1.0
75 silly packumentCache full:https://registry.npmjs.org/es-set-tostringtag cache-miss
76 http fetch GET 200 https://registry.npmjs.org/async 394ms (cache miss)
77 silly packumentCache full:https://registry.npmjs.org/async set size:undefined disposed:false
78 silly fetch manifest @telegraf/types@^7.1.0
79 silly packumentCache full:https://registry.npmjs.org/@telegraf%2ftypes cache-miss
80 http fetch GET 200 https://registry.npmjs.org/readable-stream 410ms (cache miss)
81 silly packumentCache full:https://registry.npmjs.org/readable-stream set size:undefined disposed:false
82 silly fetch manifest abort-controller@^3.0.0
83 silly packumentCache full:https://registry.npmjs.org/abort-controller cache-miss
84 http fetch GET 200 https://registry.npmjs.org/hasown 98ms (cache miss)
85 silly packumentCache full:https://registry.npmjs.org/hasown set size:undefined disposed:false
86 silly fetch manifest debug@^4.3.4
87 silly packumentCache full:https://registry.npmjs.org/debug cache-miss
88 http fetch GET 200 https://registry.npmjs.org/asynckit 101ms (cache miss)
89 silly packumentCache full:https://registry.npmjs.org/asynckit set size:undefined disposed:false
90 silly fetch manifest mri@^1.2.0
91 silly packumentCache full:https://registry.npmjs.org/mri cache-miss
92 http fetch GET 200 https://registry.npmjs.org/combined-stream 95ms (cache miss)
93 silly packumentCache full:https://registry.npmjs.org/combined-stream set size:undefined disposed:false
94 silly fetch manifest node-fetch@^2.7.0
95 silly packumentCache full:https://registry.npmjs.org/node-fetch cache-miss
96 http fetch GET 200 https://registry.npmjs.org/mime-types 116ms (cache miss)
97 silly packumentCache full:https://registry.npmjs.org/mime-types set size:undefined disposed:false
98 silly fetch manifest p-timeout@^4.1.0
99 silly packumentCache full:https://registry.npmjs.org/p-timeout cache-miss
100 http fetch GET 200 https://registry.npmjs.org/es-set-tostringtag 109ms (cache miss)
101 silly packumentCache full:https://registry.npmjs.org/es-set-tostringtag set size:undefined disposed:false
102 silly fetch manifest safe-compare@^1.1.4
103 silly packumentCache full:https://registry.npmjs.org/safe-compare cache-miss
104 http fetch GET 200 https://registry.npmjs.org/abort-controller 92ms (cache miss)
105 silly packumentCache full:https://registry.npmjs.org/abort-controller set size:undefined disposed:false
106 silly fetch manifest sandwich-stream@^2.0.2
107 silly packumentCache full:https://registry.npmjs.org/sandwich-stream cache-miss
108 http fetch GET 200 https://registry.npmjs.org/mri 86ms (cache miss)
109 silly packumentCache full:https://registry.npmjs.org/mri set size:undefined disposed:false
110 http fetch GET 200 https://registry.npmjs.org/debug 114ms (cache miss)
111 silly packumentCache full:https://registry.npmjs.org/debug set size:undefined disposed:false
112 http fetch GET 200 https://registry.npmjs.org/p-timeout 107ms (cache miss)
113 silly packumentCache full:https://registry.npmjs.org/p-timeout set size:undefined disposed:false
114 http fetch GET 200 https://registry.npmjs.org/sandwich-stream 90ms (cache miss)
115 silly packumentCache full:https://registry.npmjs.org/sandwich-stream set size:undefined disposed:false
116 http fetch GET 200 https://registry.npmjs.org/safe-compare 113ms (cache miss)
117 silly packumentCache full:https://registry.npmjs.org/safe-compare set size:undefined disposed:false
118 http fetch GET 200 https://registry.npmjs.org/node-fetch 157ms (cache miss)
119 silly packumentCache full:https://registry.npmjs.org/node-fetch set size:undefined disposed:false
120 http fetch GET 200 https://registry.npmjs.org/@telegraf%2ftypes 291ms (cache miss)
121 silly packumentCache full:https://registry.npmjs.org/@telegraf%2ftypes set size:undefined disposed:false
122 silly placeDep ROOT archiver-utils@5.0.2 OK for: archiver@7.0.1 want: ^5.0.2
123 silly placeDep ROOT async@3.2.6 OK for: archiver@7.0.1 want: ^3.2.4
124 silly placeDep ROOT buffer-crc32@1.0.0 OK for: archiver@7.0.1 want: ^1.0.0
125 silly placeDep ROOT readable-stream@4.7.0 OK for: archiver@7.0.1 want: ^4.0.0
126 silly placeDep ROOT readdir-glob@1.1.3 OK for: archiver@7.0.1 want: ^1.1.2
127 silly placeDep ROOT tar-stream@3.1.7 OK for: archiver@7.0.1 want: ^3.0.0
128 silly placeDep ROOT zip-stream@6.0.1 OK for: archiver@7.0.1 want: ^6.0.1
129 silly fetch manifest glob@^10.0.0
130 silly packumentCache full:https://registry.npmjs.org/glob cache-miss
131 silly fetch manifest graceful-fs@^4.2.0
132 silly packumentCache full:https://registry.npmjs.org/graceful-fs cache-miss
133 silly fetch manifest is-stream@^2.0.1
134 silly packumentCache full:https://registry.npmjs.org/is-stream cache-miss
135 silly fetch manifest lazystream@^1.0.0
136 silly packumentCache full:https://registry.npmjs.org/lazystream cache-miss
137 silly fetch manifest lodash@^4.17.15
138 silly packumentCache full:https://registry.npmjs.org/lodash cache-miss
139 silly fetch manifest normalize-path@^3.0.0
140 silly packumentCache full:https://registry.npmjs.org/normalize-path cache-miss
141 silly fetch manifest buffer@^6.0.3
142 silly packumentCache full:https://registry.npmjs.org/buffer cache-miss
143 http fetch GET 200 https://registry.npmjs.org/is-stream 135ms (cache miss)
144 silly packumentCache full:https://registry.npmjs.org/is-stream set size:undefined disposed:false
145 silly fetch manifest events@^3.3.0
146 silly packumentCache full:https://registry.npmjs.org/events cache-miss
147 http fetch GET 200 https://registry.npmjs.org/lazystream 139ms (cache miss)
148 silly packumentCache full:https://registry.npmjs.org/lazystream set size:undefined disposed:false
149 silly fetch manifest process@^0.11.10
150 silly packumentCache full:https://registry.npmjs.org/process cache-miss
151 http fetch GET 200 https://registry.npmjs.org/normalize-path 151ms (cache miss)
152 silly packumentCache full:https://registry.npmjs.org/normalize-path set size:undefined disposed:false
153 silly fetch manifest string_decoder@^1.3.0
154 silly packumentCache full:https://registry.npmjs.org/string_decoder cache-miss
155 http fetch GET 200 https://registry.npmjs.org/lodash 159ms (cache miss)
156 silly packumentCache full:https://registry.npmjs.org/lodash set size:undefined disposed:false
157 silly fetch manifest minimatch@^5.1.0
158 silly packumentCache full:https://registry.npmjs.org/minimatch cache-miss
159 http fetch GET 200 https://registry.npmjs.org/graceful-fs 178ms (cache miss)
160 silly packumentCache full:https://registry.npmjs.org/graceful-fs set size:undefined disposed:false
161 silly fetch manifest b4a@^1.6.4
162 silly packumentCache full:https://registry.npmjs.org/b4a cache-miss
163 http fetch GET 200 https://registry.npmjs.org/buffer 182ms (cache miss)
164 silly packumentCache full:https://registry.npmjs.org/buffer set size:undefined disposed:false
165 silly fetch manifest fast-fifo@^1.2.0
166 silly packumentCache full:https://registry.npmjs.org/fast-fifo cache-miss
167 http fetch GET 200 https://registry.npmjs.org/glob 206ms (cache miss)
168 silly packumentCache full:https://registry.npmjs.org/glob set size:undefined disposed:false
169 silly fetch manifest streamx@^2.15.0
170 silly packumentCache full:https://registry.npmjs.org/streamx cache-miss
171 http fetch GET 200 https://registry.npmjs.org/process 101ms (cache miss)
172 silly packumentCache full:https://registry.npmjs.org/process set size:undefined disposed:false
173 silly fetch manifest compress-commons@^6.0.2
174 silly packumentCache full:https://registry.npmjs.org/compress-commons cache-miss
175 http fetch GET 200 https://registry.npmjs.org/events 111ms (cache miss)
176 silly packumentCache full:https://registry.npmjs.org/events set size:undefined disposed:false
177 http fetch GET 200 https://registry.npmjs.org/string_decoder 100ms (cache miss)
178 silly packumentCache full:https://registry.npmjs.org/string_decoder set size:undefined disposed:false
179 http fetch GET 200 https://registry.npmjs.org/minimatch 103ms (cache miss)
180 silly packumentCache full:https://registry.npmjs.org/minimatch set size:undefined disposed:false
181 http fetch GET 200 https://registry.npmjs.org/b4a 102ms (cache miss)
182 silly packumentCache full:https://registry.npmjs.org/b4a set size:undefined disposed:false
183 http fetch GET 200 https://registry.npmjs.org/fast-fifo 99ms (cache miss)
184 silly packumentCache full:https://registry.npmjs.org/fast-fifo set size:undefined disposed:false
185 http fetch GET 200 https://registry.npmjs.org/streamx 103ms (cache miss)
186 silly packumentCache full:https://registry.npmjs.org/streamx set size:undefined disposed:false
187 http fetch GET 200 https://registry.npmjs.org/compress-commons 82ms (cache miss)
188 silly packumentCache full:https://registry.npmjs.org/compress-commons set size:undefined disposed:false
189 silly placeDep ROOT glob@10.4.5 OK for: archiver-utils@5.0.2 want: ^10.0.0
190 silly placeDep ROOT graceful-fs@4.2.11 OK for: archiver-utils@5.0.2 want: ^4.2.0
191 silly placeDep ROOT is-stream@2.0.1 OK for: archiver-utils@5.0.2 want: ^2.0.1
192 silly placeDep ROOT lazystream@1.0.1 OK for: archiver-utils@5.0.2 want: ^1.0.0
193 silly placeDep ROOT lodash@4.17.21 OK for: archiver-utils@5.0.2 want: ^4.17.15
194 silly placeDep ROOT normalize-path@3.0.0 OK for: archiver-utils@5.0.2 want: ^3.0.0
195 silly fetch manifest minipass@^7.1.2
196 silly packumentCache full:https://registry.npmjs.org/minipass cache-miss
197 silly fetch manifest jackspeak@^3.1.2
198 silly packumentCache full:https://registry.npmjs.org/jackspeak cache-miss
199 silly fetch manifest minimatch@^9.0.4
200 silly packumentCache full:https://registry.npmjs.org/minimatch cache-miss
201 silly fetch manifest path-scurry@^1.11.1
202 silly packumentCache full:https://registry.npmjs.org/path-scurry cache-miss
203 silly fetch manifest foreground-child@^3.1.0
204 silly packumentCache full:https://registry.npmjs.org/foreground-child cache-miss
205 silly fetch manifest package-json-from-dist@^1.0.0
206 silly packumentCache full:https://registry.npmjs.org/package-json-from-dist cache-miss
207 silly fetch manifest readable-stream@^2.0.5
208 silly packumentCache full:https://registry.npmjs.org/readable-stream cache-miss
209 http cache https://registry.npmjs.org/minimatch 39ms (cache hit)
210 silly packumentCache full:https://registry.npmjs.org/minimatch set size:298903 disposed:false
211 http cache https://registry.npmjs.org/readable-stream 45ms (cache hit)
212 silly packumentCache full:https://registry.npmjs.org/readable-stream set size:261096 disposed:false
213 http fetch GET 200 https://registry.npmjs.org/package-json-from-dist 101ms (cache miss)
214 silly packumentCache full:https://registry.npmjs.org/package-json-from-dist set size:undefined disposed:false
215 http fetch GET 200 https://registry.npmjs.org/path-scurry 104ms (cache miss)
216 silly packumentCache full:https://registry.npmjs.org/path-scurry set size:undefined disposed:false
217 http fetch GET 200 https://registry.npmjs.org/foreground-child 134ms (cache miss)
218 silly packumentCache full:https://registry.npmjs.org/foreground-child set size:undefined disposed:false
219 http fetch GET 200 https://registry.npmjs.org/minipass 148ms (cache miss)
220 silly packumentCache full:https://registry.npmjs.org/minipass set size:undefined disposed:false
221 http fetch GET 200 https://registry.npmjs.org/jackspeak 167ms (cache miss)
222 silly packumentCache full:https://registry.npmjs.org/jackspeak set size:undefined disposed:false
223 silly placeDep ROOT follow-redirects@1.15.11 OK for: axios@1.11.0 want: ^1.15.6
224 silly placeDep ROOT proxy-from-env@1.1.0 OK for: axios@1.11.0 want: ^1.1.0
225 silly placeDep ROOT asynckit@0.4.0 OK for: form-data@4.0.4 want: ^0.4.0
226 silly placeDep ROOT combined-stream@1.0.8 OK for: form-data@4.0.4 want: ^1.0.8
227 silly placeDep ROOT es-set-tostringtag@2.1.0 OK for: form-data@4.0.4 want: ^2.1.0
228 silly placeDep ROOT hasown@2.0.2 OK for: form-data@4.0.4 want: ^2.0.2
229 silly placeDep ROOT mime-types@2.1.35 OK for: form-data@4.0.4 want: ^2.1.12
230 silly fetch manifest delayed-stream@~1.0.0
231 silly packumentCache full:https://registry.npmjs.org/delayed-stream cache-miss
232 silly fetch manifest es-errors@^1.3.0
233 silly packumentCache full:https://registry.npmjs.org/es-errors cache-miss
234 silly fetch manifest get-intrinsic@^1.2.6
235 silly packumentCache full:https://registry.npmjs.org/get-intrinsic cache-miss
236 silly fetch manifest has-tostringtag@^1.0.2
237 silly packumentCache full:https://registry.npmjs.org/has-tostringtag cache-miss
238 silly fetch manifest function-bind@^1.1.2
239 silly packumentCache full:https://registry.npmjs.org/function-bind cache-miss
240 silly fetch manifest mime-db@1.52.0
241 silly packumentCache full:https://registry.npmjs.org/mime-db cache-miss
242 http fetch GET 200 https://registry.npmjs.org/get-intrinsic 98ms (cache miss)
243 silly packumentCache full:https://registry.npmjs.org/get-intrinsic set size:undefined disposed:false
244 http fetch GET 200 https://registry.npmjs.org/has-tostringtag 100ms (cache miss)
245 silly packumentCache full:https://registry.npmjs.org/has-tostringtag set size:undefined disposed:false
246 http fetch GET 200 https://registry.npmjs.org/delayed-stream 105ms (cache miss)
247 silly packumentCache full:https://registry.npmjs.org/delayed-stream set size:undefined disposed:false
248 http fetch GET 200 https://registry.npmjs.org/es-errors 106ms (cache miss)
249 silly packumentCache full:https://registry.npmjs.org/es-errors set size:undefined disposed:false
250 http fetch GET 200 https://registry.npmjs.org/function-bind 121ms (cache miss)
251 silly packumentCache full:https://registry.npmjs.org/function-bind set size:undefined disposed:false
252 http fetch GET 200 https://registry.npmjs.org/mime-db 127ms (cache miss)
253 silly packumentCache full:https://registry.npmjs.org/mime-db set size:undefined disposed:false
254 silly placeDep ROOT delayed-stream@1.0.0 OK for: combined-stream@1.0.8 want: ~1.0.0
255 silly placeDep ROOT es-errors@1.3.0 OK for: es-set-tostringtag@2.1.0 want: ^1.3.0
256 silly placeDep ROOT get-intrinsic@1.3.0 OK for: es-set-tostringtag@2.1.0 want: ^1.2.6
257 silly placeDep ROOT has-tostringtag@1.0.2 OK for: es-set-tostringtag@2.1.0 want: ^1.0.2
258 silly fetch manifest call-bind-apply-helpers@^1.0.2
259 silly packumentCache full:https://registry.npmjs.org/call-bind-apply-helpers cache-miss
260 silly fetch manifest es-define-property@^1.0.1
261 silly packumentCache full:https://registry.npmjs.org/es-define-property cache-miss
262 silly fetch manifest es-object-atoms@^1.1.1
263 silly packumentCache full:https://registry.npmjs.org/es-object-atoms cache-miss
264 silly fetch manifest get-proto@^1.0.1
265 silly packumentCache full:https://registry.npmjs.org/get-proto cache-miss
266 silly fetch manifest gopd@^1.2.0
267 silly packumentCache full:https://registry.npmjs.org/gopd cache-miss
268 silly fetch manifest has-symbols@^1.1.0
269 silly packumentCache full:https://registry.npmjs.org/has-symbols cache-miss
270 silly fetch manifest math-intrinsics@^1.1.0
271 silly packumentCache full:https://registry.npmjs.org/math-intrinsics cache-miss
272 http fetch GET 200 https://registry.npmjs.org/get-proto 101ms (cache miss)
273 silly packumentCache full:https://registry.npmjs.org/get-proto set size:undefined disposed:false
274 silly fetch manifest has-symbols@^1.0.3
275 silly packumentCache full:https://registry.npmjs.org/has-symbols cache-miss
276 http fetch GET 200 https://registry.npmjs.org/es-object-atoms 105ms (cache miss)
277 silly packumentCache full:https://registry.npmjs.org/es-object-atoms set size:undefined disposed:false
278 http fetch GET 200 https://registry.npmjs.org/es-define-property 108ms (cache miss)
279 silly packumentCache full:https://registry.npmjs.org/es-define-property set size:undefined disposed:false
280 http fetch GET 200 https://registry.npmjs.org/call-bind-apply-helpers 111ms (cache miss)
281 silly packumentCache full:https://registry.npmjs.org/call-bind-apply-helpers set size:undefined disposed:false
282 http fetch GET 200 https://registry.npmjs.org/gopd 108ms (cache miss)
283 silly packumentCache full:https://registry.npmjs.org/gopd set size:undefined disposed:false
284 http fetch GET 200 https://registry.npmjs.org/has-symbols 109ms (cache miss)
285 silly packumentCache full:https://registry.npmjs.org/has-symbols set size:undefined disposed:false
286 http fetch GET 200 https://registry.npmjs.org/math-intrinsics 110ms (cache miss)
287 silly packumentCache full:https://registry.npmjs.org/math-intrinsics set size:undefined disposed:false
288 http cache https://registry.npmjs.org/has-symbols 20ms (cache hit)
289 silly packumentCache full:https://registry.npmjs.org/has-symbols set size:21550 disposed:false
290 silly placeDep ROOT call-bind-apply-helpers@1.0.2 OK for: get-intrinsic@1.3.0 want: ^1.0.2
291 silly placeDep ROOT es-define-property@1.0.1 OK for: get-intrinsic@1.3.0 want: ^1.0.1
292 silly placeDep ROOT es-object-atoms@1.1.1 OK for: get-intrinsic@1.3.0 want: ^1.1.1
293 silly placeDep ROOT function-bind@1.1.2 OK for: get-intrinsic@1.3.0 want: ^1.1.2
294 silly placeDep ROOT get-proto@1.0.1 OK for: get-intrinsic@1.3.0 want: ^1.0.1
295 silly placeDep ROOT gopd@1.2.0 OK for: get-intrinsic@1.3.0 want: ^1.2.0
296 silly placeDep ROOT has-symbols@1.1.0 OK for: get-intrinsic@1.3.0 want: ^1.1.0
297 silly placeDep ROOT math-intrinsics@1.1.0 OK for: get-intrinsic@1.3.0 want: ^1.1.0
298 silly fetch manifest dunder-proto@^1.0.1
299 silly packumentCache full:https://registry.npmjs.org/dunder-proto cache-miss
300 http fetch GET 200 https://registry.npmjs.org/dunder-proto 88ms (cache miss)
301 silly packumentCache full:https://registry.npmjs.org/dunder-proto set size:undefined disposed:false
302 silly placeDep ROOT dunder-proto@1.0.1 OK for: get-proto@1.0.1 want: ^1.0.1
303 silly placeDep ROOT foreground-child@3.3.1 OK for: glob@10.4.5 want: ^3.1.0
304 silly placeDep ROOT jackspeak@3.4.3 OK for: glob@10.4.5 want: ^3.1.2
305 silly placeDep ROOT minimatch@9.0.5 OK for: glob@10.4.5 want: ^9.0.4
306 silly placeDep ROOT minipass@7.1.2 OK for: glob@10.4.5 want: ^7.1.2
307 silly placeDep ROOT package-json-from-dist@1.0.1 OK for: glob@10.4.5 want: ^1.0.0
308 silly placeDep ROOT path-scurry@1.11.1 OK for: glob@10.4.5 want: ^1.11.1
309 silly fetch manifest cross-spawn@^7.0.6
310 silly packumentCache full:https://registry.npmjs.org/cross-spawn cache-miss
311 silly fetch manifest signal-exit@^4.0.1
312 silly packumentCache full:https://registry.npmjs.org/signal-exit cache-miss
313 silly fetch manifest @isaacs/cliui@^8.0.2
314 silly packumentCache full:https://registry.npmjs.org/@isaacs%2fcliui cache-miss
315 silly fetch manifest @pkgjs/parseargs@^0.11.0
316 silly packumentCache full:https://registry.npmjs.org/@pkgjs%2fparseargs cache-miss
317 silly fetch manifest brace-expansion@^2.0.1
318 silly packumentCache full:https://registry.npmjs.org/brace-expansion cache-miss
319 silly fetch manifest lru-cache@^10.2.0
320 silly packumentCache full:https://registry.npmjs.org/lru-cache cache-miss
321 http fetch GET 200 https://registry.npmjs.org/brace-expansion 127ms (cache miss)
322 silly packumentCache full:https://registry.npmjs.org/brace-expansion set size:undefined disposed:false
323 http fetch GET 200 https://registry.npmjs.org/@isaacs%2fcliui 132ms (cache miss)
324 silly packumentCache full:https://registry.npmjs.org/@isaacs%2fcliui set size:undefined disposed:false
325 http fetch GET 200 https://registry.npmjs.org/signal-exit 137ms (cache miss)
326 silly packumentCache full:https://registry.npmjs.org/signal-exit set size:undefined disposed:false
327 http fetch GET 200 https://registry.npmjs.org/cross-spawn 142ms (cache miss)
328 silly packumentCache full:https://registry.npmjs.org/cross-spawn set size:undefined disposed:false
329 http fetch GET 200 https://registry.npmjs.org/@pkgjs%2fparseargs 147ms (cache miss)
330 silly packumentCache full:https://registry.npmjs.org/@pkgjs%2fparseargs set size:undefined disposed:false
331 http fetch GET 200 https://registry.npmjs.org/lru-cache 149ms (cache miss)
332 silly packumentCache full:https://registry.npmjs.org/lru-cache set size:undefined disposed:false
333 silly placeDep ROOT cross-spawn@7.0.6 OK for: foreground-child@3.3.1 want: ^7.0.6
334 silly placeDep ROOT signal-exit@4.1.0 OK for: foreground-child@3.3.1 want: ^4.0.1
335 silly fetch manifest which@^2.0.1
336 silly packumentCache full:https://registry.npmjs.org/which cache-miss
337 silly fetch manifest path-key@^3.1.0
338 silly packumentCache full:https://registry.npmjs.org/path-key cache-miss
339 silly fetch manifest shebang-command@^2.0.0
340 silly packumentCache full:https://registry.npmjs.org/shebang-command cache-miss
341 http fetch GET 200 https://registry.npmjs.org/which 89ms (cache miss)
342 silly packumentCache full:https://registry.npmjs.org/which set size:undefined disposed:false
343 http fetch GET 200 https://registry.npmjs.org/shebang-command 92ms (cache miss)
344 silly packumentCache full:https://registry.npmjs.org/shebang-command set size:undefined disposed:false
345 http fetch GET 200 https://registry.npmjs.org/path-key 96ms (cache miss)
346 silly packumentCache full:https://registry.npmjs.org/path-key set size:undefined disposed:false
347 silly placeDep ROOT path-key@3.1.1 OK for: cross-spawn@7.0.6 want: ^3.1.0
348 silly placeDep ROOT shebang-command@2.0.0 OK for: cross-spawn@7.0.6 want: ^2.0.0
349 silly placeDep ROOT which@2.0.2 OK for: cross-spawn@7.0.6 want: ^2.0.1
350 silly fetch manifest shebang-regex@^3.0.0
351 silly packumentCache full:https://registry.npmjs.org/shebang-regex cache-miss
352 silly fetch manifest isexe@^2.0.0
353 silly packumentCache full:https://registry.npmjs.org/isexe cache-miss
354 http fetch GET 200 https://registry.npmjs.org/isexe 76ms (cache miss)
355 silly packumentCache full:https://registry.npmjs.org/isexe set size:undefined disposed:false
356 http fetch GET 200 https://registry.npmjs.org/shebang-regex 79ms (cache miss)
357 silly packumentCache full:https://registry.npmjs.org/shebang-regex set size:undefined disposed:false
358 silly placeDep ROOT @isaacs/cliui@8.0.2 OK for: jackspeak@3.4.3 want: ^8.0.2
359 silly placeDep ROOT @pkgjs/parseargs@0.11.0 OK for: jackspeak@3.4.3 want: ^0.11.0
360 silly fetch manifest string-width@^5.1.2
361 silly packumentCache full:https://registry.npmjs.org/string-width cache-miss
362 silly fetch manifest string-width-cjs@npm:string-width@^4.2.0
363 silly packumentCache full:https://registry.npmjs.org/string-width cache-miss
364 silly fetch manifest strip-ansi@^7.0.1
365 silly packumentCache full:https://registry.npmjs.org/strip-ansi cache-miss
366 silly fetch manifest strip-ansi-cjs@npm:strip-ansi@^6.0.1
367 silly packumentCache full:https://registry.npmjs.org/strip-ansi cache-miss
368 silly fetch manifest wrap-ansi@^8.1.0
369 silly packumentCache full:https://registry.npmjs.org/wrap-ansi cache-miss
370 silly fetch manifest wrap-ansi-cjs@npm:wrap-ansi@^7.0.0
371 silly packumentCache full:https://registry.npmjs.org/wrap-ansi cache-miss
372 http fetch GET 200 https://registry.npmjs.org/strip-ansi 104ms (cache miss)
373 silly packumentCache full:https://registry.npmjs.org/strip-ansi set size:undefined disposed:false
374 http fetch GET 200 https://registry.npmjs.org/string-width 109ms (cache miss)
375 silly packumentCache full:https://registry.npmjs.org/string-width set size:undefined disposed:false
376 http fetch GET 200 https://registry.npmjs.org/strip-ansi 111ms (cache miss)
377 silly packumentCache full:https://registry.npmjs.org/strip-ansi set size:undefined disposed:false
378 http fetch GET 200 https://registry.npmjs.org/wrap-ansi 111ms (cache miss)
379 silly packumentCache full:https://registry.npmjs.org/wrap-ansi set size:undefined disposed:false
380 http fetch GET 200 https://registry.npmjs.org/wrap-ansi 120ms (cache miss)
381 silly packumentCache full:https://registry.npmjs.org/wrap-ansi set size:undefined disposed:false
382 http fetch GET 200 https://registry.npmjs.org/string-width 126ms (cache miss)
383 silly packumentCache full:https://registry.npmjs.org/string-width set size:undefined disposed:false
384 silly placeDep ROOT string-width@5.1.2 OK for: @isaacs/cliui@8.0.2 want: ^5.1.2
385 silly placeDep ROOT string-width-cjs@4.2.3 OK for: @isaacs/cliui@8.0.2 want: npm:string-width@^4.2.0
386 silly placeDep ROOT strip-ansi@7.1.0 OK for: @isaacs/cliui@8.0.2 want: ^7.0.1
387 silly placeDep ROOT strip-ansi-cjs@6.0.1 OK for: @isaacs/cliui@8.0.2 want: npm:strip-ansi@^6.0.1
388 silly placeDep ROOT wrap-ansi@8.1.0 OK for: @isaacs/cliui@8.0.2 want: ^8.1.0
389 silly placeDep ROOT wrap-ansi-cjs@7.0.0 OK for: @isaacs/cliui@8.0.2 want: npm:wrap-ansi@^7.0.0
390 silly fetch manifest emoji-regex@^9.2.2
391 silly packumentCache full:https://registry.npmjs.org/emoji-regex cache-miss
392 silly fetch manifest eastasianwidth@^0.2.0
393 silly packumentCache full:https://registry.npmjs.org/eastasianwidth cache-miss
394 silly fetch manifest strip-ansi@^6.0.1
395 silly packumentCache full:https://registry.npmjs.org/strip-ansi cache-miss
396 silly fetch manifest emoji-regex@^8.0.0
397 silly packumentCache full:https://registry.npmjs.org/emoji-regex cache-miss
398 silly fetch manifest is-fullwidth-code-point@^3.0.0
399 silly packumentCache full:https://registry.npmjs.org/is-fullwidth-code-point cache-miss
400 silly fetch manifest ansi-regex@^6.0.1
401 silly packumentCache full:https://registry.npmjs.org/ansi-regex cache-miss
402 silly fetch manifest ansi-regex@^5.0.1
403 silly packumentCache full:https://registry.npmjs.org/ansi-regex cache-miss
404 http cache https://registry.npmjs.org/strip-ansi 21ms (cache hit)
405 silly packumentCache full:https://registry.npmjs.org/strip-ansi set size:43180 disposed:false
406 silly fetch manifest ansi-styles@^6.1.0
407 silly packumentCache full:https://registry.npmjs.org/ansi-styles cache-miss
408 http fetch GET 200 https://registry.npmjs.org/eastasianwidth 101ms (cache miss)
409 silly packumentCache full:https://registry.npmjs.org/eastasianwidth set size:undefined disposed:false
410 silly fetch manifest ansi-styles@^4.0.0
411 silly packumentCache full:https://registry.npmjs.org/ansi-styles cache-miss
412 http fetch GET 200 https://registry.npmjs.org/is-fullwidth-code-point 107ms (cache miss)
413 silly packumentCache full:https://registry.npmjs.org/is-fullwidth-code-point set size:undefined disposed:false
414 silly fetch manifest string-width@^4.1.0
415 silly packumentCache full:https://registry.npmjs.org/string-width cache-miss
416 http fetch GET 200 https://registry.npmjs.org/emoji-regex 115ms (cache miss)
417 silly packumentCache full:https://registry.npmjs.org/emoji-regex set size:undefined disposed:false
418 silly fetch manifest strip-ansi@^6.0.0
419 silly packumentCache full:https://registry.npmjs.org/strip-ansi cache-hit
420 http fetch GET 200 https://registry.npmjs.org/ansi-regex 116ms (cache miss)
421 silly packumentCache full:https://registry.npmjs.org/ansi-regex set size:undefined disposed:false
422 http fetch GET 200 https://registry.npmjs.org/ansi-regex 118ms (cache miss)
423 silly packumentCache full:https://registry.npmjs.org/ansi-regex set size:undefined disposed:false
424 http fetch GET 200 https://registry.npmjs.org/emoji-regex 124ms (cache miss)
425 silly packumentCache full:https://registry.npmjs.org/emoji-regex set size:undefined disposed:false
426 http fetch GET 200 https://registry.npmjs.org/ansi-styles 109ms (cache miss)
427 silly packumentCache full:https://registry.npmjs.org/ansi-styles set size:undefined disposed:false
428 http cache https://registry.npmjs.org/string-width 25ms (cache hit)
429 silly packumentCache full:https://registry.npmjs.org/string-width set size:61460 disposed:false
430 http fetch GET 200 https://registry.npmjs.org/ansi-styles 94ms (cache miss)
431 silly packumentCache full:https://registry.npmjs.org/ansi-styles set size:undefined disposed:false
432 silly placeDep node_modules/lazystream readable-stream@2.3.8 OK for: lazystream@1.0.1 want: ^2.0.5
433 silly fetch manifest isarray@~1.0.0
434 silly packumentCache full:https://registry.npmjs.org/isarray cache-miss
435 silly fetch manifest inherits@~2.0.3
436 silly packumentCache full:https://registry.npmjs.org/inherits cache-miss
437 silly fetch manifest safe-buffer@~5.1.1
438 silly packumentCache full:https://registry.npmjs.org/safe-buffer cache-miss
439 silly fetch manifest core-util-is@~1.0.0
440 silly packumentCache full:https://registry.npmjs.org/core-util-is cache-miss
441 silly fetch manifest string_decoder@~1.1.1
442 silly packumentCache full:https://registry.npmjs.org/string_decoder cache-miss
443 silly fetch manifest util-deprecate@~1.0.1
444 silly packumentCache full:https://registry.npmjs.org/util-deprecate cache-miss
445 silly fetch manifest process-nextick-args@~2.0.0
446 silly packumentCache full:https://registry.npmjs.org/process-nextick-args cache-miss
447 http cache https://registry.npmjs.org/string_decoder 29ms (cache hit)
448 silly packumentCache full:https://registry.npmjs.org/string_decoder set size:28441 disposed:false
449 http fetch GET 200 https://registry.npmjs.org/isarray 112ms (cache miss)
450 silly packumentCache full:https://registry.npmjs.org/isarray set size:undefined disposed:false
451 http fetch GET 200 https://registry.npmjs.org/safe-buffer 110ms (cache miss)
452 silly packumentCache full:https://registry.npmjs.org/safe-buffer set size:undefined disposed:false
453 http fetch GET 200 https://registry.npmjs.org/inherits 114ms (cache miss)
454 silly packumentCache full:https://registry.npmjs.org/inherits set size:undefined disposed:false
455 http fetch GET 200 https://registry.npmjs.org/util-deprecate 110ms (cache miss)
456 silly packumentCache full:https://registry.npmjs.org/util-deprecate set size:undefined disposed:false
457 http fetch GET 200 https://registry.npmjs.org/core-util-is 115ms (cache miss)
458 silly packumentCache full:https://registry.npmjs.org/core-util-is set size:undefined disposed:false
459 http fetch GET 200 https://registry.npmjs.org/process-nextick-args 113ms (cache miss)
460 silly packumentCache full:https://registry.npmjs.org/process-nextick-args set size:undefined disposed:false
461 silly placeDep ROOT mime-db@1.52.0 OK for: mime-types@2.1.35 want: 1.52.0
462 silly placeDep ROOT brace-expansion@2.0.2 OK for: minimatch@9.0.5 want: ^2.0.1
463 silly fetch manifest balanced-match@^1.0.0
464 silly packumentCache full:https://registry.npmjs.org/balanced-match cache-miss
465 http fetch GET 200 https://registry.npmjs.org/balanced-match 80ms (cache miss)
466 silly packumentCache full:https://registry.npmjs.org/balanced-match set size:undefined disposed:false
467 silly placeDep ROOT balanced-match@1.0.2 OK for: brace-expansion@2.0.2 want: ^1.0.0
468 silly placeDep ROOT lru-cache@10.4.3 OK for: path-scurry@1.11.1 want: ^10.2.0
469 silly placeDep ROOT abort-controller@3.0.0 OK for: readable-stream@4.7.0 want: ^3.0.0
470 silly placeDep ROOT buffer@6.0.3 OK for: readable-stream@4.7.0 want: ^6.0.3
471 silly placeDep ROOT events@3.3.0 OK for: readable-stream@4.7.0 want: ^3.3.0
472 silly placeDep ROOT process@0.11.10 OK for: readable-stream@4.7.0 want: ^0.11.10
473 silly placeDep ROOT string_decoder@1.3.0 OK for: readable-stream@4.7.0 want: ^1.3.0
474 silly fetch manifest event-target-shim@^5.0.0
475 silly packumentCache full:https://registry.npmjs.org/event-target-shim cache-miss
476 silly fetch manifest base64-js@^1.3.1
477 silly packumentCache full:https://registry.npmjs.org/base64-js cache-miss
478 silly fetch manifest ieee754@^1.2.1
479 silly packumentCache full:https://registry.npmjs.org/ieee754 cache-miss
480 silly fetch manifest safe-buffer@~5.2.0
481 silly packumentCache full:https://registry.npmjs.org/safe-buffer cache-miss
482 http cache https://registry.npmjs.org/safe-buffer 10ms (cache hit)
483 silly packumentCache full:https://registry.npmjs.org/safe-buffer set size:41183 disposed:false
484 http fetch GET 200 https://registry.npmjs.org/base64-js 84ms (cache miss)
485 silly packumentCache full:https://registry.npmjs.org/base64-js set size:undefined disposed:false
486 http fetch GET 200 https://registry.npmjs.org/event-target-shim 89ms (cache miss)
487 silly packumentCache full:https://registry.npmjs.org/event-target-shim set size:undefined disposed:false
488 http fetch GET 200 https://registry.npmjs.org/ieee754 93ms (cache miss)
489 silly packumentCache full:https://registry.npmjs.org/ieee754 set size:undefined disposed:false
490 silly placeDep ROOT event-target-shim@5.0.1 OK for: abort-controller@3.0.0 want: ^5.0.0
491 silly placeDep ROOT base64-js@1.5.1 OK for: buffer@6.0.3 want: ^1.3.1
492 silly placeDep ROOT ieee754@1.2.1 OK for: buffer@6.0.3 want: ^1.2.1
493 silly placeDep node_modules/readdir-glob minimatch@5.1.6 OK for: readdir-glob@1.1.3 want: ^5.1.0
494 silly placeDep ROOT shebang-regex@3.0.0 OK for: shebang-command@2.0.0 want: ^3.0.0
495 silly placeDep ROOT safe-buffer@5.2.1 OK for: string_decoder@1.3.0 want: ~5.2.0
496 silly placeDep ROOT eastasianwidth@0.2.0 OK for: string-width@5.1.2 want: ^0.2.0
497 silly placeDep ROOT emoji-regex@9.2.2 OK for: string-width@5.1.2 want: ^9.2.2
498 silly placeDep node_modules/string-width-cjs emoji-regex@8.0.0 OK for: string-width@4.2.3 want: ^8.0.0
499 silly placeDep ROOT is-fullwidth-code-point@3.0.0 OK for: string-width@4.2.3 want: ^3.0.0
500 silly placeDep node_modules/string-width-cjs strip-ansi@6.0.1 OK for: string-width@4.2.3 want: ^6.0.1
501 silly placeDep ROOT ansi-regex@6.1.0 OK for: strip-ansi@7.1.0 want: ^6.0.1
502 silly placeDep node_modules/strip-ansi-cjs ansi-regex@5.0.1 OK for: strip-ansi@6.0.1 want: ^5.0.1
503 silly placeDep ROOT b4a@1.6.7 OK for: tar-stream@3.1.7 want: ^1.6.4
504 silly placeDep ROOT fast-fifo@1.3.2 OK for: tar-stream@3.1.7 want: ^1.2.0
505 silly placeDep ROOT streamx@2.22.1 OK for: tar-stream@3.1.7 want: ^2.15.0
506 silly fetch manifest text-decoder@^1.1.0
507 silly packumentCache full:https://registry.npmjs.org/text-decoder cache-miss
508 silly fetch manifest bare-events@^2.2.0
509 silly packumentCache full:https://registry.npmjs.org/bare-events cache-miss
510 http fetch GET 200 https://registry.npmjs.org/bare-events 86ms (cache miss)
511 silly packumentCache full:https://registry.npmjs.org/bare-events set size:undefined disposed:false
512 http fetch GET 200 https://registry.npmjs.org/text-decoder 106ms (cache miss)
513 silly packumentCache full:https://registry.npmjs.org/text-decoder set size:undefined disposed:false
514 silly placeDep ROOT bare-events@2.6.1 OK for: streamx@2.22.1 want: ^2.2.0
515 silly placeDep ROOT text-decoder@1.2.3 OK for: streamx@2.22.1 want: ^1.1.0
516 silly fetch manifest encoding@^0.1.0
517 silly packumentCache full:https://registry.npmjs.org/encoding cache-miss
518 http fetch GET 200 https://registry.npmjs.org/encoding 81ms (cache miss)
519 silly packumentCache full:https://registry.npmjs.org/encoding set size:undefined disposed:false
520 silly placeDep ROOT @telegraf/types@7.1.0 OK for: telegraf@4.16.3 want: ^7.1.0
521 silly placeDep ROOT debug@4.4.1 OK for: telegraf@4.16.3 want: ^4.3.4
522 silly placeDep ROOT mri@1.2.0 OK for: telegraf@4.16.3 want: ^1.2.0
523 silly placeDep ROOT node-fetch@2.7.0 OK for: telegraf@4.16.3 want: ^2.7.0
524 silly placeDep ROOT p-timeout@4.1.0 OK for: telegraf@4.16.3 want: ^4.1.0
525 silly placeDep ROOT safe-compare@1.1.4 OK for: telegraf@4.16.3 want: ^1.1.4
526 silly placeDep ROOT sandwich-stream@2.0.2 OK for: telegraf@4.16.3 want: ^2.0.2
527 silly fetch manifest ms@^2.1.3
528 silly packumentCache full:https://registry.npmjs.org/ms cache-miss
529 silly fetch manifest whatwg-url@^5.0.0
530 silly packumentCache full:https://registry.npmjs.org/whatwg-url cache-miss
531 silly fetch manifest buffer-alloc@^1.2.0
532 silly packumentCache full:https://registry.npmjs.org/buffer-alloc cache-miss
533 http fetch GET 200 https://registry.npmjs.org/buffer-alloc 84ms (cache miss)
534 silly packumentCache full:https://registry.npmjs.org/buffer-alloc set size:undefined disposed:false
535 http fetch GET 200 https://registry.npmjs.org/whatwg-url 95ms (cache miss)
536 silly packumentCache full:https://registry.npmjs.org/whatwg-url set size:undefined disposed:false
537 http fetch GET 200 https://registry.npmjs.org/ms 731ms (cache miss)
538 silly packumentCache full:https://registry.npmjs.org/ms set size:undefined disposed:false
539 silly placeDep ROOT ms@2.1.3 OK for: debug@4.4.1 want: ^2.1.3
540 silly placeDep ROOT whatwg-url@5.0.0 OK for: node-fetch@2.7.0 want: ^5.0.0
541 silly fetch manifest tr46@~0.0.3
542 silly packumentCache full:https://registry.npmjs.org/tr46 cache-miss
543 silly fetch manifest webidl-conversions@^3.0.0
544 silly packumentCache full:https://registry.npmjs.org/webidl-conversions cache-miss
545 http fetch GET 200 https://registry.npmjs.org/webidl-conversions 82ms (cache miss)
546 silly packumentCache full:https://registry.npmjs.org/webidl-conversions set size:undefined disposed:false
547 http fetch GET 200 https://registry.npmjs.org/tr46 86ms (cache miss)
548 silly packumentCache full:https://registry.npmjs.org/tr46 set size:undefined disposed:false
549 silly placeDep ROOT buffer-alloc@1.2.0 OK for: safe-compare@1.1.4 want: ^1.2.0
550 silly fetch manifest buffer-alloc-unsafe@^1.1.0
551 silly packumentCache full:https://registry.npmjs.org/buffer-alloc-unsafe cache-miss
552 silly fetch manifest buffer-fill@^1.0.0
553 silly packumentCache full:https://registry.npmjs.org/buffer-fill cache-miss
554 http fetch GET 200 https://registry.npmjs.org/buffer-alloc-unsafe 84ms (cache miss)
555 silly packumentCache full:https://registry.npmjs.org/buffer-alloc-unsafe set size:undefined disposed:false
556 http fetch GET 200 https://registry.npmjs.org/buffer-fill 86ms (cache miss)
557 silly packumentCache full:https://registry.npmjs.org/buffer-fill set size:undefined disposed:false
558 silly placeDep ROOT buffer-alloc-unsafe@1.1.0 OK for: buffer-alloc@1.2.0 want: ^1.1.0
559 silly placeDep ROOT buffer-fill@1.0.0 OK for: buffer-alloc@1.2.0 want: ^1.0.0
560 silly placeDep ROOT tr46@0.0.3 OK for: whatwg-url@5.0.0 want: ~0.0.3
561 silly placeDep ROOT webidl-conversions@3.0.1 OK for: whatwg-url@5.0.0 want: ^3.0.0
562 silly placeDep ROOT isexe@2.0.0 OK for: which@2.0.2 want: ^2.0.0
563 silly placeDep ROOT ansi-styles@6.2.1 OK for: wrap-ansi@8.1.0 want: ^6.1.0
564 silly placeDep node_modules/wrap-ansi-cjs ansi-styles@4.3.0 OK for: wrap-ansi@7.0.0 want: ^4.0.0
565 silly placeDep node_modules/wrap-ansi-cjs string-width@4.2.3 OK for: wrap-ansi@7.0.0 want: ^4.1.0
566 silly placeDep node_modules/wrap-ansi-cjs strip-ansi@6.0.1 OK for: wrap-ansi@7.0.0 want: ^6.0.0
567 silly fetch manifest color-convert@^2.0.1
568 silly packumentCache full:https://registry.npmjs.org/color-convert cache-miss
569 http fetch GET 200 https://registry.npmjs.org/color-convert 80ms (cache miss)
570 silly packumentCache full:https://registry.npmjs.org/color-convert set size:undefined disposed:false
571 silly placeDep ROOT compress-commons@6.0.2 OK for: zip-stream@6.0.1 want: ^6.0.2
572 silly fetch manifest crc-32@^1.2.0
573 silly packumentCache full:https://registry.npmjs.org/crc-32 cache-miss
574 silly fetch manifest crc32-stream@^6.0.0
575 silly packumentCache full:https://registry.npmjs.org/crc32-stream cache-miss
576 http fetch GET 200 https://registry.npmjs.org/crc-32 82ms (cache miss)
577 silly packumentCache full:https://registry.npmjs.org/crc-32 set size:undefined disposed:false
578 http fetch GET 200 https://registry.npmjs.org/crc32-stream 85ms (cache miss)
579 silly packumentCache full:https://registry.npmjs.org/crc32-stream set size:undefined disposed:false
580 silly placeDep ROOT crc-32@1.2.2 OK for: compress-commons@6.0.2 want: ^1.2.0
581 silly placeDep ROOT crc32-stream@6.0.0 OK for: compress-commons@6.0.2 want: ^6.0.0
582 silly placeDep ROOT core-util-is@1.0.3 OK for: readable-stream@2.3.8 want: ~1.0.0
583 silly placeDep ROOT inherits@2.0.4 OK for: readable-stream@2.3.8 want: ~2.0.3
584 silly placeDep ROOT isarray@1.0.0 OK for: readable-stream@2.3.8 want: ~1.0.0
585 silly placeDep ROOT process-nextick-args@2.0.1 OK for: readable-stream@2.3.8 want: ~2.0.0
586 silly placeDep node_modules/lazystream safe-buffer@5.1.2 OK for: readable-stream@2.3.8 want: ~5.1.1
587 silly placeDep node_modules/lazystream string_decoder@1.1.1 OK for: readable-stream@2.3.8 want: ~1.1.1
588 silly placeDep ROOT util-deprecate@1.0.2 OK for: readable-stream@2.3.8 want: ~1.0.1
589 silly placeDep node_modules/string-width-cjs ansi-regex@5.0.1 OK for: strip-ansi@6.0.1 want: ^5.0.1
590 silly placeDep ROOT color-convert@2.0.1 OK for: ansi-styles@4.3.0 want: ^2.0.1
591 silly fetch manifest color-name@~1.1.4
592 silly packumentCache full:https://registry.npmjs.org/color-name cache-miss
593 http fetch GET 200 https://registry.npmjs.org/color-name 72ms (cache miss)
594 silly packumentCache full:https://registry.npmjs.org/color-name set size:undefined disposed:false
595 silly placeDep ROOT color-name@1.1.4 OK for: color-convert@2.0.1 want: ~1.1.4
596 silly placeDep node_modules/wrap-ansi-cjs emoji-regex@8.0.0 OK for: string-width@4.2.3 want: ^8.0.0
597 silly placeDep node_modules/wrap-ansi-cjs ansi-regex@5.0.1 OK for: strip-ansi@6.0.1 want: ^5.0.1
598 silly reify moves {}
599 silly audit bulk request {
599 silly audit   archiver: [ '7.0.1' ],
599 silly audit   axios: [ '1.11.0' ],
599 silly audit   'form-data': [ '4.0.4' ],
599 silly audit   telegraf: [ '4.16.3' ],
599 silly audit   'archiver-utils': [ '5.0.2' ],
599 silly audit   async: [ '3.2.6' ],
599 silly audit   'buffer-crc32': [ '1.0.0' ],
599 silly audit   'readable-stream': [ '4.7.0', '2.3.8' ],
599 silly audit   'readdir-glob': [ '1.1.3' ],
599 silly audit   'tar-stream': [ '3.1.7' ],
599 silly audit   'zip-stream': [ '6.0.1' ],
599 silly audit   glob: [ '10.4.5' ],
599 silly audit   'graceful-fs': [ '4.2.11' ],
599 silly audit   'is-stream': [ '2.0.1' ],
599 silly audit   lazystream: [ '1.0.1' ],
599 silly audit   lodash: [ '4.17.21' ],
599 silly audit   'normalize-path': [ '3.0.0' ],
599 silly audit   'follow-redirects': [ '1.15.11' ],
599 silly audit   'proxy-from-env': [ '1.1.0' ],
599 silly audit   asynckit: [ '0.4.0' ],
599 silly audit   'combined-stream': [ '1.0.8' ],
599 silly audit   'es-set-tostringtag': [ '2.1.0' ],
599 silly audit   hasown: [ '2.0.2' ],
599 silly audit   'mime-types': [ '2.1.35' ],
599 silly audit   'delayed-stream': [ '1.0.0' ],
599 silly audit   'es-errors': [ '1.3.0' ],
599 silly audit   'get-intrinsic': [ '1.3.0' ],
599 silly audit   'has-tostringtag': [ '1.0.2' ],
599 silly audit   'call-bind-apply-helpers': [ '1.0.2' ],
599 silly audit   'es-define-property': [ '1.0.1' ],
599 silly audit   'es-object-atoms': [ '1.1.1' ],
599 silly audit   'function-bind': [ '1.1.2' ],
599 silly audit   'get-proto': [ '1.0.1' ],
599 silly audit   gopd: [ '1.2.0' ],
599 silly audit   'has-symbols': [ '1.1.0' ],
599 silly audit   'math-intrinsics': [ '1.1.0' ],
599 silly audit   'dunder-proto': [ '1.0.1' ],
599 silly audit   'foreground-child': [ '3.3.1' ],
599 silly audit   jackspeak: [ '3.4.3' ],
599 silly audit   minimatch: [ '9.0.5', '5.1.6' ],
599 silly audit   minipass: [ '7.1.2' ],
599 silly audit   'package-json-from-dist': [ '1.0.1' ],
599 silly audit   'path-scurry': [ '1.11.1' ],
599 silly audit   'cross-spawn': [ '7.0.6' ],
599 silly audit   'signal-exit': [ '4.1.0' ],
599 silly audit   'path-key': [ '3.1.1' ],
599 silly audit   'shebang-command': [ '2.0.0' ],
599 silly audit   which: [ '2.0.2' ],
599 silly audit   '@isaacs/cliui': [ '8.0.2' ],
599 silly audit   '@pkgjs/parseargs': [ '0.11.0' ],
599 silly audit   'string-width': [ '5.1.2', '4.2.3' ],
599 silly audit   'strip-ansi': [ '7.1.0', '6.0.1' ],
599 silly audit   'wrap-ansi': [ '8.1.0', '7.0.0' ],
599 silly audit   'mime-db': [ '1.52.0' ],
599 silly audit   'brace-expansion': [ '2.0.2' ],
599 silly audit   'balanced-match': [ '1.0.2' ],
599 silly audit   'lru-cache': [ '10.4.3' ],
599 silly audit   'abort-controller': [ '3.0.0' ],
599 silly audit   buffer: [ '6.0.3' ],
599 silly audit   events: [ '3.3.0' ],
599 silly audit   process: [ '0.11.10' ],
599 silly audit   string_decoder: [ '1.3.0', '1.1.1' ],
599 silly audit   'event-target-shim': [ '5.0.1' ],
599 silly audit   'base64-js': [ '1.5.1' ],
599 silly audit   ieee754: [ '1.2.1' ],
599 silly audit   'shebang-regex': [ '3.0.0' ],
599 silly audit   'safe-buffer': [ '5.2.1', '5.1.2' ],
599 silly audit   eastasianwidth: [ '0.2.0' ],
599 silly audit   'emoji-regex': [ '9.2.2', '8.0.0' ],
599 silly audit   'is-fullwidth-code-point': [ '3.0.0' ],
599 silly audit   'ansi-regex': [ '6.1.0', '5.0.1' ],
599 silly audit   b4a: [ '1.6.7' ],
599 silly audit   'fast-fifo': [ '1.3.2' ],
599 silly audit   streamx: [ '2.22.1' ],
599 silly audit   'bare-events': [ '2.6.1' ],
599 silly audit   'text-decoder': [ '1.2.3' ],
599 silly audit   '@telegraf/types': [ '7.1.0' ],
599 silly audit   debug: [ '4.4.1' ],
599 silly audit   mri: [ '1.2.0' ],
599 silly audit   'node-fetch': [ '2.7.0' ],
599 silly audit   'p-timeout': [ '4.1.0' ],
599 silly audit   'safe-compare': [ '1.1.4' ],
599 silly audit   'sandwich-stream': [ '2.0.2' ],
599 silly audit   ms: [ '2.1.3' ],
599 silly audit   'whatwg-url': [ '5.0.0' ],
599 silly audit   'buffer-alloc': [ '1.2.0' ],
599 silly audit   'buffer-alloc-unsafe': [ '1.1.0' ],
599 silly audit   'buffer-fill': [ '1.0.0' ],
599 silly audit   tr46: [ '0.0.3' ],
599 silly audit   'webidl-conversions': [ '3.0.1' ],
599 silly audit   isexe: [ '2.0.0' ],
599 silly audit   'ansi-styles': [ '6.2.1', '4.3.0' ],
599 silly audit   'compress-commons': [ '6.0.2' ],
599 silly audit   'crc-32': [ '1.2.2' ],
599 silly audit   'crc32-stream': [ '6.0.0' ],
599 silly audit   'core-util-is': [ '1.0.3' ],
599 silly audit   inherits: [ '2.0.4' ],
599 silly audit   isarray: [ '1.0.0' ],
599 silly audit   'process-nextick-args': [ '2.0.1' ],
599 silly audit   'util-deprecate': [ '1.0.2' ],
599 silly audit   'color-convert': [ '2.0.1' ],
599 silly audit   'color-name': [ '1.1.4' ]
599 silly audit }
600 http cache color-name@https://registry.npmjs.org/color-name/-/color-name-1.1.4.tgz 0ms (cache hit)
601 http cache color-convert@https://registry.npmjs.org/color-convert/-/color-convert-2.0.1.tgz 0ms (cache hit)
602 http cache util-deprecate@https://registry.npmjs.org/util-deprecate/-/util-deprecate-1.0.2.tgz 0ms (cache hit)
603 http cache process-nextick-args@https://registry.npmjs.org/process-nextick-args/-/process-nextick-args-2.0.1.tgz 0ms (cache hit)
604 http cache inherits@https://registry.npmjs.org/inherits/-/inherits-2.0.4.tgz 0ms (cache hit)
605 http cache isarray@https://registry.npmjs.org/isarray/-/isarray-1.0.0.tgz 0ms (cache hit)
606 http cache core-util-is@https://registry.npmjs.org/core-util-is/-/core-util-is-1.0.3.tgz 0ms (cache hit)
607 http cache crc32-stream@https://registry.npmjs.org/crc32-stream/-/crc32-stream-6.0.0.tgz 0ms (cache hit)
608 http cache crc-32@https://registry.npmjs.org/crc-32/-/crc-32-1.2.2.tgz 0ms (cache hit)
609 http cache compress-commons@https://registry.npmjs.org/compress-commons/-/compress-commons-6.0.2.tgz 0ms (cache hit)
610 http cache ansi-styles@https://registry.npmjs.org/ansi-styles/-/ansi-styles-6.2.1.tgz 1ms (cache hit)
611 http cache isexe@https://registry.npmjs.org/isexe/-/isexe-2.0.0.tgz 0ms (cache hit)
612 http cache webidl-conversions@https://registry.npmjs.org/webidl-conversions/-/webidl-conversions-3.0.1.tgz 0ms (cache hit)
613 http cache tr46@https://registry.npmjs.org/tr46/-/tr46-0.0.3.tgz 0ms (cache hit)
614 http cache buffer-fill@https://registry.npmjs.org/buffer-fill/-/buffer-fill-1.0.0.tgz 0ms (cache hit)
615 http cache buffer-alloc-unsafe@https://registry.npmjs.org/buffer-alloc-unsafe/-/buffer-alloc-unsafe-1.1.0.tgz 0ms (cache hit)
616 http cache buffer-alloc@https://registry.npmjs.org/buffer-alloc/-/buffer-alloc-1.2.0.tgz 0ms (cache hit)
617 http cache whatwg-url@https://registry.npmjs.org/whatwg-url/-/whatwg-url-5.0.0.tgz 0ms (cache hit)
618 http cache ms@https://registry.npmjs.org/ms/-/ms-2.1.3.tgz 0ms (cache hit)
619 http cache sandwich-stream@https://registry.npmjs.org/sandwich-stream/-/sandwich-stream-2.0.2.tgz 0ms (cache hit)
620 http cache safe-compare@https://registry.npmjs.org/safe-compare/-/safe-compare-1.1.4.tgz 0ms (cache hit)
621 http cache p-timeout@https://registry.npmjs.org/p-timeout/-/p-timeout-4.1.0.tgz 0ms (cache hit)
622 http cache node-fetch@https://registry.npmjs.org/node-fetch/-/node-fetch-2.7.0.tgz 0ms (cache hit)
623 http cache mri@https://registry.npmjs.org/mri/-/mri-1.2.0.tgz 1ms (cache hit)
624 http cache debug@https://registry.npmjs.org/debug/-/debug-4.4.1.tgz 0ms (cache hit)
625 http cache @telegraf/types@https://registry.npmjs.org/@telegraf/types/-/types-7.1.0.tgz 0ms (cache hit)
626 http cache text-decoder@https://registry.npmjs.org/text-decoder/-/text-decoder-1.2.3.tgz 1ms (cache hit)
627 http cache bare-events@https://registry.npmjs.org/bare-events/-/bare-events-2.6.1.tgz 0ms (cache hit)
628 http cache streamx@https://registry.npmjs.org/streamx/-/streamx-2.22.1.tgz 0ms (cache hit)
629 http cache fast-fifo@https://registry.npmjs.org/fast-fifo/-/fast-fifo-1.3.2.tgz 0ms (cache hit)
630 http cache b4a@https://registry.npmjs.org/b4a/-/b4a-1.6.7.tgz 0ms (cache hit)
631 http cache ansi-regex@https://registry.npmjs.org/ansi-regex/-/ansi-regex-6.1.0.tgz 0ms (cache hit)
632 http cache is-fullwidth-code-point@https://registry.npmjs.org/is-fullwidth-code-point/-/is-fullwidth-code-point-3.0.0.tgz 0ms (cache hit)
633 http cache emoji-regex@https://registry.npmjs.org/emoji-regex/-/emoji-regex-9.2.2.tgz 0ms (cache hit)
634 http cache eastasianwidth@https://registry.npmjs.org/eastasianwidth/-/eastasianwidth-0.2.0.tgz 0ms (cache hit)
635 http cache safe-buffer@https://registry.npmjs.org/safe-buffer/-/safe-buffer-5.2.1.tgz 0ms (cache hit)
636 http cache shebang-regex@https://registry.npmjs.org/shebang-regex/-/shebang-regex-3.0.0.tgz 0ms (cache hit)
637 http cache ieee754@https://registry.npmjs.org/ieee754/-/ieee754-1.2.1.tgz 0ms (cache hit)
638 http cache base64-js@https://registry.npmjs.org/base64-js/-/base64-js-1.5.1.tgz 0ms (cache hit)
639 http cache event-target-shim@https://registry.npmjs.org/event-target-shim/-/event-target-shim-5.0.1.tgz 0ms (cache hit)
640 http cache string_decoder@https://registry.npmjs.org/string_decoder/-/string_decoder-1.3.0.tgz 0ms (cache hit)
641 http cache process@https://registry.npmjs.org/process/-/process-0.11.10.tgz 0ms (cache hit)
642 http cache buffer@https://registry.npmjs.org/buffer/-/buffer-6.0.3.tgz 0ms (cache hit)
643 http cache events@https://registry.npmjs.org/events/-/events-3.3.0.tgz 0ms (cache hit)
644 http cache abort-controller@https://registry.npmjs.org/abort-controller/-/abort-controller-3.0.0.tgz 0ms (cache hit)
645 http cache lru-cache@https://registry.npmjs.org/lru-cache/-/lru-cache-10.4.3.tgz 0ms (cache hit)
646 http cache wrap-ansi-cjs@https://registry.npmjs.org/wrap-ansi/-/wrap-ansi-7.0.0.tgz 0ms (cache hit)
647 http cache mime-db@https://registry.npmjs.org/mime-db/-/mime-db-1.52.0.tgz 0ms (cache hit)
648 http cache wrap-ansi@https://registry.npmjs.org/wrap-ansi/-/wrap-ansi-8.1.0.tgz 0ms (cache hit)
649 http cache strip-ansi-cjs@https://registry.npmjs.org/strip-ansi/-/strip-ansi-6.0.1.tgz 0ms (cache hit)
650 http cache strip-ansi@https://registry.npmjs.org/strip-ansi/-/strip-ansi-7.1.0.tgz 0ms (cache hit)
651 http cache string-width-cjs@https://registry.npmjs.org/string-width/-/string-width-4.2.3.tgz 0ms (cache hit)
652 http cache string-width@https://registry.npmjs.org/string-width/-/string-width-5.1.2.tgz 0ms (cache hit)
653 http cache @isaacs/cliui@https://registry.npmjs.org/@isaacs/cliui/-/cliui-8.0.2.tgz 0ms (cache hit)
654 http cache which@https://registry.npmjs.org/which/-/which-2.0.2.tgz 0ms (cache hit)
655 http cache shebang-command@https://registry.npmjs.org/shebang-command/-/shebang-command-2.0.0.tgz 0ms (cache hit)
656 http cache @pkgjs/parseargs@https://registry.npmjs.org/@pkgjs/parseargs/-/parseargs-0.11.0.tgz 0ms (cache hit)
657 http cache path-key@https://registry.npmjs.org/path-key/-/path-key-3.1.1.tgz 0ms (cache hit)
658 http cache brace-expansion@https://registry.npmjs.org/brace-expansion/-/brace-expansion-2.0.2.tgz 0ms (cache hit)
659 http cache balanced-match@https://registry.npmjs.org/balanced-match/-/balanced-match-1.0.2.tgz 0ms (cache hit)
660 http cache signal-exit@https://registry.npmjs.org/signal-exit/-/signal-exit-4.1.0.tgz 0ms (cache hit)
661 http cache path-scurry@https://registry.npmjs.org/path-scurry/-/path-scurry-1.11.1.tgz 0ms (cache hit)
662 http cache minipass@https://registry.npmjs.org/minipass/-/minipass-7.1.2.tgz 0ms (cache hit)
663 http cache minimatch@https://registry.npmjs.org/minimatch/-/minimatch-9.0.5.tgz 0ms (cache hit)
664 http cache jackspeak@https://registry.npmjs.org/jackspeak/-/jackspeak-3.4.3.tgz 0ms (cache hit)
665 http cache cross-spawn@https://registry.npmjs.org/cross-spawn/-/cross-spawn-7.0.6.tgz 0ms (cache hit)
666 http cache foreground-child@https://registry.npmjs.org/foreground-child/-/foreground-child-3.3.1.tgz 0ms (cache hit)
667 http cache math-intrinsics@https://registry.npmjs.org/math-intrinsics/-/math-intrinsics-1.1.0.tgz 0ms (cache hit)
668 http cache package-json-from-dist@https://registry.npmjs.org/package-json-from-dist/-/package-json-from-dist-1.0.1.tgz 0ms (cache hit)
669 http cache has-symbols@https://registry.npmjs.org/has-symbols/-/has-symbols-1.1.0.tgz 0ms (cache hit)
670 http cache get-proto@https://registry.npmjs.org/get-proto/-/get-proto-1.0.1.tgz 0ms (cache hit)
671 http cache function-bind@https://registry.npmjs.org/function-bind/-/function-bind-1.1.2.tgz 1ms (cache hit)
672 http cache es-object-atoms@https://registry.npmjs.org/es-object-atoms/-/es-object-atoms-1.1.1.tgz 0ms (cache hit)
673 http cache dunder-proto@https://registry.npmjs.org/dunder-proto/-/dunder-proto-1.0.1.tgz 0ms (cache hit)
674 http cache es-define-property@https://registry.npmjs.org/es-define-property/-/es-define-property-1.0.1.tgz 0ms (cache hit)
675 http cache gopd@https://registry.npmjs.org/gopd/-/gopd-1.2.0.tgz 0ms (cache hit)
676 http cache has-tostringtag@https://registry.npmjs.org/has-tostringtag/-/has-tostringtag-1.0.2.tgz 0ms (cache hit)
677 http cache es-errors@https://registry.npmjs.org/es-errors/-/es-errors-1.3.0.tgz 0ms (cache hit)
678 http cache delayed-stream@https://registry.npmjs.org/delayed-stream/-/delayed-stream-1.0.0.tgz 0ms (cache hit)
679 http cache mime-types@https://registry.npmjs.org/mime-types/-/mime-types-2.1.35.tgz 0ms (cache hit)
680 http cache call-bind-apply-helpers@https://registry.npmjs.org/call-bind-apply-helpers/-/call-bind-apply-helpers-1.0.2.tgz 0ms (cache hit)
681 http cache hasown@https://registry.npmjs.org/hasown/-/hasown-2.0.2.tgz 0ms (cache hit)
682 http cache get-intrinsic@https://registry.npmjs.org/get-intrinsic/-/get-intrinsic-1.3.0.tgz 0ms (cache hit)
683 http cache asynckit@https://registry.npmjs.org/asynckit/-/asynckit-0.4.0.tgz 0ms (cache hit)
684 http cache proxy-from-env@https://registry.npmjs.org/proxy-from-env/-/proxy-from-env-1.1.0.tgz 0ms (cache hit)
685 http cache follow-redirects@https://registry.npmjs.org/follow-redirects/-/follow-redirects-1.15.11.tgz 0ms (cache hit)
686 http cache normalize-path@https://registry.npmjs.org/normalize-path/-/normalize-path-3.0.0.tgz 0ms (cache hit)
687 http cache lodash@https://registry.npmjs.org/lodash/-/lodash-4.17.21.tgz 0ms (cache hit)
688 http cache lazystream@https://registry.npmjs.org/lazystream/-/lazystream-1.0.1.tgz 0ms (cache hit)
689 http cache is-stream@https://registry.npmjs.org/is-stream/-/is-stream-2.0.1.tgz 1ms (cache hit)
690 http cache graceful-fs@https://registry.npmjs.org/graceful-fs/-/graceful-fs-4.2.11.tgz 0ms (cache hit)
691 http cache glob@https://registry.npmjs.org/glob/-/glob-10.4.5.tgz 0ms (cache hit)
692 http cache zip-stream@https://registry.npmjs.org/zip-stream/-/zip-stream-6.0.1.tgz 0ms (cache hit)
693 http cache tar-stream@https://registry.npmjs.org/tar-stream/-/tar-stream-3.1.7.tgz 0ms (cache hit)
694 http cache readdir-glob@https://registry.npmjs.org/readdir-glob/-/readdir-glob-1.1.3.tgz 0ms (cache hit)
695 http cache readable-stream@https://registry.npmjs.org/readable-stream/-/readable-stream-4.7.0.tgz 0ms (cache hit)
696 http cache buffer-crc32@https://registry.npmjs.org/buffer-crc32/-/buffer-crc32-1.0.0.tgz 0ms (cache hit)
697 http cache async@https://registry.npmjs.org/async/-/async-3.2.6.tgz 0ms (cache hit)
698 http cache archiver-utils@https://registry.npmjs.org/archiver-utils/-/archiver-utils-5.0.2.tgz 0ms (cache hit)
699 http cache combined-stream@https://registry.npmjs.org/combined-stream/-/combined-stream-1.0.8.tgz 1ms (cache hit)
700 http cache telegraf@https://registry.npmjs.org/telegraf/-/telegraf-4.16.3.tgz 0ms (cache hit)
701 http cache es-set-tostringtag@https://registry.npmjs.org/es-set-tostringtag/-/es-set-tostringtag-2.1.0.tgz 0ms (cache hit)
702 http cache axios@https://registry.npmjs.org/axios/-/axios-1.11.0.tgz 1ms (cache hit)
703 http cache ansi-regex@https://registry.npmjs.org/ansi-regex/-/ansi-regex-5.0.1.tgz 0ms (cache hit)
704 http cache emoji-regex@https://registry.npmjs.org/emoji-regex/-/emoji-regex-8.0.0.tgz 0ms (cache hit)
705 http cache strip-ansi@https://registry.npmjs.org/strip-ansi/-/strip-ansi-6.0.1.tgz 0ms (cache hit)
706 http cache form-data@https://registry.npmjs.org/form-data/-/form-data-4.0.4.tgz 0ms (cache hit)
707 http cache string-width@https://registry.npmjs.org/string-width/-/string-width-4.2.3.tgz 0ms (cache hit)
708 http cache archiver@https://registry.npmjs.org/archiver/-/archiver-7.0.1.tgz 0ms (cache hit)
709 http cache ansi-regex@https://registry.npmjs.org/ansi-regex/-/ansi-regex-5.0.1.tgz 0ms (cache hit)
710 http cache strip-ansi@https://registry.npmjs.org/strip-ansi/-/strip-ansi-6.0.1.tgz 0ms (cache hit)
711 http cache emoji-regex@https://registry.npmjs.org/emoji-regex/-/emoji-regex-8.0.0.tgz 0ms (cache hit)
712 http cache string_decoder@https://registry.npmjs.org/string_decoder/-/string_decoder-1.1.1.tgz 0ms (cache hit)
713 http cache ansi-styles@https://registry.npmjs.org/ansi-styles/-/ansi-styles-4.3.0.tgz 0ms (cache hit)
714 http cache safe-buffer@https://registry.npmjs.org/safe-buffer/-/safe-buffer-5.1.2.tgz 0ms (cache hit)
715 http cache ansi-regex@https://registry.npmjs.org/ansi-regex/-/ansi-regex-5.0.1.tgz 0ms (cache hit)
716 http cache minimatch@https://registry.npmjs.org/minimatch/-/minimatch-5.1.6.tgz 0ms (cache hit)
717 http cache readable-stream@https://registry.npmjs.org/readable-stream/-/readable-stream-2.3.8.tgz 0ms (cache hit)
718 silly tarball no local data for color-name@https://registry.npmjs.org/color-name/-/color-name-1.1.4.tgz. Extracting by manifest.
719 silly tarball no local data for color-convert@https://registry.npmjs.org/color-convert/-/color-convert-2.0.1.tgz. Extracting by manifest.
720 silly tarball no local data for util-deprecate@https://registry.npmjs.org/util-deprecate/-/util-deprecate-1.0.2.tgz. Extracting by manifest.
721 silly tarball no local data for process-nextick-args@https://registry.npmjs.org/process-nextick-args/-/process-nextick-args-2.0.1.tgz. Extracting by manifest.
722 silly tarball no local data for inherits@https://registry.npmjs.org/inherits/-/inherits-2.0.4.tgz. Extracting by manifest.
723 silly tarball no local data for isarray@https://registry.npmjs.org/isarray/-/isarray-1.0.0.tgz. Extracting by manifest.
724 silly tarball no local data for core-util-is@https://registry.npmjs.org/core-util-is/-/core-util-is-1.0.3.tgz. Extracting by manifest.
725 silly tarball no local data for crc32-stream@https://registry.npmjs.org/crc32-stream/-/crc32-stream-6.0.0.tgz. Extracting by manifest.
726 silly tarball no local data for crc-32@https://registry.npmjs.org/crc-32/-/crc-32-1.2.2.tgz. Extracting by manifest.
727 silly tarball no local data for compress-commons@https://registry.npmjs.org/compress-commons/-/compress-commons-6.0.2.tgz. Extracting by manifest.
728 silly tarball no local data for ansi-styles@https://registry.npmjs.org/ansi-styles/-/ansi-styles-6.2.1.tgz. Extracting by manifest.
729 silly tarball no local data for isexe@https://registry.npmjs.org/isexe/-/isexe-2.0.0.tgz. Extracting by manifest.
730 silly tarball no local data for webidl-conversions@https://registry.npmjs.org/webidl-conversions/-/webidl-conversions-3.0.1.tgz. Extracting by manifest.
731 silly tarball no local data for tr46@https://registry.npmjs.org/tr46/-/tr46-0.0.3.tgz. Extracting by manifest.
732 silly tarball no local data for buffer-fill@https://registry.npmjs.org/buffer-fill/-/buffer-fill-1.0.0.tgz. Extracting by manifest.
733 silly tarball no local data for buffer-alloc-unsafe@https://registry.npmjs.org/buffer-alloc-unsafe/-/buffer-alloc-unsafe-1.1.0.tgz. Extracting by manifest.
734 silly tarball no local data for buffer-alloc@https://registry.npmjs.org/buffer-alloc/-/buffer-alloc-1.2.0.tgz. Extracting by manifest.
735 silly tarball no local data for whatwg-url@https://registry.npmjs.org/whatwg-url/-/whatwg-url-5.0.0.tgz. Extracting by manifest.
736 silly tarball no local data for ms@https://registry.npmjs.org/ms/-/ms-2.1.3.tgz. Extracting by manifest.
737 silly tarball no local data for sandwich-stream@https://registry.npmjs.org/sandwich-stream/-/sandwich-stream-2.0.2.tgz. Extracting by manifest.
738 silly tarball no local data for safe-compare@https://registry.npmjs.org/safe-compare/-/safe-compare-1.1.4.tgz. Extracting by manifest.
739 silly tarball no local data for p-timeout@https://registry.npmjs.org/p-timeout/-/p-timeout-4.1.0.tgz. Extracting by manifest.
740 silly tarball no local data for node-fetch@https://registry.npmjs.org/node-fetch/-/node-fetch-2.7.0.tgz. Extracting by manifest.
741 silly tarball no local data for mri@https://registry.npmjs.org/mri/-/mri-1.2.0.tgz. Extracting by manifest.
742 silly tarball no local data for debug@https://registry.npmjs.org/debug/-/debug-4.4.1.tgz. Extracting by manifest.
743 silly tarball no local data for @telegraf/types@https://registry.npmjs.org/@telegraf/types/-/types-7.1.0.tgz. Extracting by manifest.
744 silly tarball no local data for text-decoder@https://registry.npmjs.org/text-decoder/-/text-decoder-1.2.3.tgz. Extracting by manifest.
745 silly tarball no local data for bare-events@https://registry.npmjs.org/bare-events/-/bare-events-2.6.1.tgz. Extracting by manifest.
746 silly tarball no local data for streamx@https://registry.npmjs.org/streamx/-/streamx-2.22.1.tgz. Extracting by manifest.
747 silly tarball no local data for fast-fifo@https://registry.npmjs.org/fast-fifo/-/fast-fifo-1.3.2.tgz. Extracting by manifest.
748 silly tarball no local data for b4a@https://registry.npmjs.org/b4a/-/b4a-1.6.7.tgz. Extracting by manifest.
749 silly tarball no local data for ansi-regex@https://registry.npmjs.org/ansi-regex/-/ansi-regex-6.1.0.tgz. Extracting by manifest.
750 silly tarball no local data for is-fullwidth-code-point@https://registry.npmjs.org/is-fullwidth-code-point/-/is-fullwidth-code-point-3.0.0.tgz. Extracting by manifest.
751 silly tarball no local data for emoji-regex@https://registry.npmjs.org/emoji-regex/-/emoji-regex-9.2.2.tgz. Extracting by manifest.
752 silly tarball no local data for eastasianwidth@https://registry.npmjs.org/eastasianwidth/-/eastasianwidth-0.2.0.tgz. Extracting by manifest.
753 silly tarball no local data for safe-buffer@https://registry.npmjs.org/safe-buffer/-/safe-buffer-5.2.1.tgz. Extracting by manifest.
754 silly tarball no local data for shebang-regex@https://registry.npmjs.org/shebang-regex/-/shebang-regex-3.0.0.tgz. Extracting by manifest.
755 silly tarball no local data for ieee754@https://registry.npmjs.org/ieee754/-/ieee754-1.2.1.tgz. Extracting by manifest.
756 silly tarball no local data for base64-js@https://registry.npmjs.org/base64-js/-/base64-js-1.5.1.tgz. Extracting by manifest.
757 silly tarball no local data for event-target-shim@https://registry.npmjs.org/event-target-shim/-/event-target-shim-5.0.1.tgz. Extracting by manifest.
758 silly tarball no local data for string_decoder@https://registry.npmjs.org/string_decoder/-/string_decoder-1.3.0.tgz. Extracting by manifest.
759 silly tarball no local data for process@https://registry.npmjs.org/process/-/process-0.11.10.tgz. Extracting by manifest.
760 silly tarball no local data for buffer@https://registry.npmjs.org/buffer/-/buffer-6.0.3.tgz. Extracting by manifest.
761 silly tarball no local data for events@https://registry.npmjs.org/events/-/events-3.3.0.tgz. Extracting by manifest.
762 silly tarball no local data for abort-controller@https://registry.npmjs.org/abort-controller/-/abort-controller-3.0.0.tgz. Extracting by manifest.
763 silly tarball no local data for lru-cache@https://registry.npmjs.org/lru-cache/-/lru-cache-10.4.3.tgz. Extracting by manifest.
764 silly tarball no local data for wrap-ansi-cjs@https://registry.npmjs.org/wrap-ansi/-/wrap-ansi-7.0.0.tgz. Extracting by manifest.
765 silly tarball no local data for mime-db@https://registry.npmjs.org/mime-db/-/mime-db-1.52.0.tgz. Extracting by manifest.
766 silly tarball no local data for wrap-ansi@https://registry.npmjs.org/wrap-ansi/-/wrap-ansi-8.1.0.tgz. Extracting by manifest.
767 silly tarball no local data for strip-ansi-cjs@https://registry.npmjs.org/strip-ansi/-/strip-ansi-6.0.1.tgz. Extracting by manifest.
768 silly tarball no local data for strip-ansi@https://registry.npmjs.org/strip-ansi/-/strip-ansi-7.1.0.tgz. Extracting by manifest.
769 silly tarball no local data for string-width-cjs@https://registry.npmjs.org/string-width/-/string-width-4.2.3.tgz. Extracting by manifest.
770 silly tarball no local data for string-width@https://registry.npmjs.org/string-width/-/string-width-5.1.2.tgz. Extracting by manifest.
771 silly tarball no local data for @isaacs/cliui@https://registry.npmjs.org/@isaacs/cliui/-/cliui-8.0.2.tgz. Extracting by manifest.
772 silly tarball no local data for which@https://registry.npmjs.org/which/-/which-2.0.2.tgz. Extracting by manifest.
773 silly tarball no local data for shebang-command@https://registry.npmjs.org/shebang-command/-/shebang-command-2.0.0.tgz. Extracting by manifest.
774 silly tarball no local data for @pkgjs/parseargs@https://registry.npmjs.org/@pkgjs/parseargs/-/parseargs-0.11.0.tgz. Extracting by manifest.
775 silly tarball no local data for path-key@https://registry.npmjs.org/path-key/-/path-key-3.1.1.tgz. Extracting by manifest.
776 silly tarball no local data for brace-expansion@https://registry.npmjs.org/brace-expansion/-/brace-expansion-2.0.2.tgz. Extracting by manifest.
777 silly tarball no local data for balanced-match@https://registry.npmjs.org/balanced-match/-/balanced-match-1.0.2.tgz. Extracting by manifest.
778 silly tarball no local data for signal-exit@https://registry.npmjs.org/signal-exit/-/signal-exit-4.1.0.tgz. Extracting by manifest.
779 silly tarball no local data for path-scurry@https://registry.npmjs.org/path-scurry/-/path-scurry-1.11.1.tgz. Extracting by manifest.
780 silly tarball no local data for minipass@https://registry.npmjs.org/minipass/-/minipass-7.1.2.tgz. Extracting by manifest.
781 silly tarball no local data for minimatch@https://registry.npmjs.org/minimatch/-/minimatch-9.0.5.tgz. Extracting by manifest.
782 silly tarball no local data for jackspeak@https://registry.npmjs.org/jackspeak/-/jackspeak-3.4.3.tgz. Extracting by manifest.
783 silly tarball no local data for cross-spawn@https://registry.npmjs.org/cross-spawn/-/cross-spawn-7.0.6.tgz. Extracting by manifest.
784 silly tarball no local data for foreground-child@https://registry.npmjs.org/foreground-child/-/foreground-child-3.3.1.tgz. Extracting by manifest.
785 silly tarball no local data for math-intrinsics@https://registry.npmjs.org/math-intrinsics/-/math-intrinsics-1.1.0.tgz. Extracting by manifest.
786 silly tarball no local data for package-json-from-dist@https://registry.npmjs.org/package-json-from-dist/-/package-json-from-dist-1.0.1.tgz. Extracting by manifest.
787 silly tarball no local data for has-symbols@https://registry.npmjs.org/has-symbols/-/has-symbols-1.1.0.tgz. Extracting by manifest.
788 silly tarball no local data for get-proto@https://registry.npmjs.org/get-proto/-/get-proto-1.0.1.tgz. Extracting by manifest.
789 silly tarball no local data for function-bind@https://registry.npmjs.org/function-bind/-/function-bind-1.1.2.tgz. Extracting by manifest.
790 silly tarball no local data for es-object-atoms@https://registry.npmjs.org/es-object-atoms/-/es-object-atoms-1.1.1.tgz. Extracting by manifest.
791 silly tarball no local data for dunder-proto@https://registry.npmjs.org/dunder-proto/-/dunder-proto-1.0.1.tgz. Extracting by manifest.
792 silly tarball no local data for es-define-property@https://registry.npmjs.org/es-define-property/-/es-define-property-1.0.1.tgz. Extracting by manifest.
793 silly tarball no local data for gopd@https://registry.npmjs.org/gopd/-/gopd-1.2.0.tgz. Extracting by manifest.
794 silly tarball no local data for has-tostringtag@https://registry.npmjs.org/has-tostringtag/-/has-tostringtag-1.0.2.tgz. Extracting by manifest.
795 silly tarball no local data for es-errors@https://registry.npmjs.org/es-errors/-/es-errors-1.3.0.tgz. Extracting by manifest.
796 silly tarball no local data for delayed-stream@https://registry.npmjs.org/delayed-stream/-/delayed-stream-1.0.0.tgz. Extracting by manifest.
797 silly tarball no local data for mime-types@https://registry.npmjs.org/mime-types/-/mime-types-2.1.35.tgz. Extracting by manifest.
798 silly tarball no local data for call-bind-apply-helpers@https://registry.npmjs.org/call-bind-apply-helpers/-/call-bind-apply-helpers-1.0.2.tgz. Extracting by manifest.
799 silly tarball no local data for hasown@https://registry.npmjs.org/hasown/-/hasown-2.0.2.tgz. Extracting by manifest.
800 silly tarball no local data for get-intrinsic@https://registry.npmjs.org/get-intrinsic/-/get-intrinsic-1.3.0.tgz. Extracting by manifest.
801 silly tarball no local data for asynckit@https://registry.npmjs.org/asynckit/-/asynckit-0.4.0.tgz. Extracting by manifest.
802 silly tarball no local data for proxy-from-env@https://registry.npmjs.org/proxy-from-env/-/proxy-from-env-1.1.0.tgz. Extracting by manifest.
803 silly tarball no local data for follow-redirects@https://registry.npmjs.org/follow-redirects/-/follow-redirects-1.15.11.tgz. Extracting by manifest.
804 silly tarball no local data for normalize-path@https://registry.npmjs.org/normalize-path/-/normalize-path-3.0.0.tgz. Extracting by manifest.
805 silly tarball no local data for lodash@https://registry.npmjs.org/lodash/-/lodash-4.17.21.tgz. Extracting by manifest.
806 silly tarball no local data for lazystream@https://registry.npmjs.org/lazystream/-/lazystream-1.0.1.tgz. Extracting by manifest.
807 silly tarball no local data for is-stream@https://registry.npmjs.org/is-stream/-/is-stream-2.0.1.tgz. Extracting by manifest.
808 silly tarball no local data for graceful-fs@https://registry.npmjs.org/graceful-fs/-/graceful-fs-4.2.11.tgz. Extracting by manifest.
809 silly tarball no local data for glob@https://registry.npmjs.org/glob/-/glob-10.4.5.tgz. Extracting by manifest.
810 silly tarball no local data for zip-stream@https://registry.npmjs.org/zip-stream/-/zip-stream-6.0.1.tgz. Extracting by manifest.
811 silly tarball no local data for tar-stream@https://registry.npmjs.org/tar-stream/-/tar-stream-3.1.7.tgz. Extracting by manifest.
812 silly tarball no local data for readdir-glob@https://registry.npmjs.org/readdir-glob/-/readdir-glob-1.1.3.tgz. Extracting by manifest.
813 silly tarball no local data for readable-stream@https://registry.npmjs.org/readable-stream/-/readable-stream-4.7.0.tgz. Extracting by manifest.
814 silly tarball no local data for buffer-crc32@https://registry.npmjs.org/buffer-crc32/-/buffer-crc32-1.0.0.tgz. Extracting by manifest.
815 silly tarball no local data for async@https://registry.npmjs.org/async/-/async-3.2.6.tgz. Extracting by manifest.
816 silly tarball no local data for archiver-utils@https://registry.npmjs.org/archiver-utils/-/archiver-utils-5.0.2.tgz. Extracting by manifest.
817 silly tarball no local data for combined-stream@https://registry.npmjs.org/combined-stream/-/combined-stream-1.0.8.tgz. Extracting by manifest.
818 silly tarball no local data for telegraf@https://registry.npmjs.org/telegraf/-/telegraf-4.16.3.tgz. Extracting by manifest.
819 silly tarball no local data for es-set-tostringtag@https://registry.npmjs.org/es-set-tostringtag/-/es-set-tostringtag-2.1.0.tgz. Extracting by manifest.
820 silly tarball no local data for axios@https://registry.npmjs.org/axios/-/axios-1.11.0.tgz. Extracting by manifest.
821 silly tarball no local data for ansi-regex@https://registry.npmjs.org/ansi-regex/-/ansi-regex-5.0.1.tgz. Extracting by manifest.
822 silly tarball no local data for emoji-regex@https://registry.npmjs.org/emoji-regex/-/emoji-regex-8.0.0.tgz. Extracting by manifest.
823 silly tarball no local data for strip-ansi@https://registry.npmjs.org/strip-ansi/-/strip-ansi-6.0.1.tgz. Extracting by manifest.
824 silly tarball no local data for form-data@https://registry.npmjs.org/form-data/-/form-data-4.0.4.tgz. Extracting by manifest.
825 silly tarball no local data for string-width@https://registry.npmjs.org/string-width/-/string-width-4.2.3.tgz. Extracting by manifest.
826 silly tarball no local data for archiver@https://registry.npmjs.org/archiver/-/archiver-7.0.1.tgz. Extracting by manifest.
827 silly tarball no local data for ansi-regex@https://registry.npmjs.org/ansi-regex/-/ansi-regex-5.0.1.tgz. Extracting by manifest.
828 silly tarball no local data for strip-ansi@https://registry.npmjs.org/strip-ansi/-/strip-ansi-6.0.1.tgz. Extracting by manifest.
829 silly tarball no local data for emoji-regex@https://registry.npmjs.org/emoji-regex/-/emoji-regex-8.0.0.tgz. Extracting by manifest.
830 silly tarball no local data for string_decoder@https://registry.npmjs.org/string_decoder/-/string_decoder-1.1.1.tgz. Extracting by manifest.
831 silly tarball no local data for ansi-styles@https://registry.npmjs.org/ansi-styles/-/ansi-styles-4.3.0.tgz. Extracting by manifest.
832 silly tarball no local data for safe-buffer@https://registry.npmjs.org/safe-buffer/-/safe-buffer-5.1.2.tgz. Extracting by manifest.
833 silly tarball no local data for ansi-regex@https://registry.npmjs.org/ansi-regex/-/ansi-regex-5.0.1.tgz. Extracting by manifest.
834 silly tarball no local data for minimatch@https://registry.npmjs.org/minimatch/-/minimatch-5.1.6.tgz. Extracting by manifest.
835 silly tarball no local data for readable-stream@https://registry.npmjs.org/readable-stream/-/readable-stream-2.3.8.tgz. Extracting by manifest.
836 http fetch POST 200 https://registry.npmjs.org/-/npm/v1/security/advisories/bulk 529ms
837 silly audit report {}
838 http fetch GET 200 https://registry.npmjs.org/color-name/-/color-name-1.1.4.tgz 553ms (cache miss)
839 http fetch GET 200 https://registry.npmjs.org/util-deprecate/-/util-deprecate-1.0.2.tgz 577ms (cache miss)
840 http fetch GET 200 https://registry.npmjs.org/color-convert/-/color-convert-2.0.1.tgz 579ms (cache miss)
841 http fetch GET 200 https://registry.npmjs.org/isarray/-/isarray-1.0.0.tgz 616ms (cache miss)
842 http fetch GET 200 https://registry.npmjs.org/process-nextick-args/-/process-nextick-args-2.0.1.tgz 620ms (cache miss)
843 http fetch GET 200 https://registry.npmjs.org/inherits/-/inherits-2.0.4.tgz 620ms (cache miss)
844 http fetch GET 200 https://registry.npmjs.org/buffer-fill/-/buffer-fill-1.0.0.tgz 689ms (cache miss)
845 http fetch GET 200 https://registry.npmjs.org/buffer-alloc/-/buffer-alloc-1.2.0.tgz 765ms (cache miss)
846 http fetch GET 200 https://registry.npmjs.org/buffer-alloc-unsafe/-/buffer-alloc-unsafe-1.1.0.tgz 805ms (cache miss)
847 http fetch GET 200 https://registry.npmjs.org/ms/-/ms-2.1.3.tgz 843ms (cache miss)
848 http fetch GET 200 https://registry.npmjs.org/whatwg-url/-/whatwg-url-5.0.0.tgz 845ms (cache miss)
849 http fetch GET 200 https://registry.npmjs.org/sandwich-stream/-/sandwich-stream-2.0.2.tgz 981ms (cache miss)
850 http fetch GET 200 https://registry.npmjs.org/mri/-/mri-1.2.0.tgz 979ms (cache miss)
851 http fetch GET 200 https://registry.npmjs.org/p-timeout/-/p-timeout-4.1.0.tgz 1058ms (cache miss)
852 http fetch GET 200 https://registry.npmjs.org/safe-compare/-/safe-compare-1.1.4.tgz 1060ms (cache miss)
853 http fetch GET 200 https://registry.npmjs.org/debug/-/debug-4.4.1.tgz 1170ms (cache miss)
854 http fetch GET 200 https://registry.npmjs.org/node-fetch/-/node-fetch-2.7.0.tgz 1238ms (cache miss)
855 http fetch GET 200 https://registry.npmjs.org/streamx/-/streamx-2.22.1.tgz 1286ms (cache miss)
856 http fetch GET 200 https://registry.npmjs.org/bare-events/-/bare-events-2.6.1.tgz 1288ms (cache miss)
857 http fetch GET 200 https://registry.npmjs.org/b4a/-/b4a-1.6.7.tgz 1356ms (cache miss)
858 http fetch GET 200 https://registry.npmjs.org/text-decoder/-/text-decoder-1.2.3.tgz 1420ms (cache miss)
859 http fetch GET 200 https://registry.npmjs.org/core-util-is/-/core-util-is-1.0.3.tgz 1440ms (cache miss)
860 http fetch GET 200 https://registry.npmjs.org/fast-fifo/-/fast-fifo-1.3.2.tgz 1460ms (cache miss)
861 http fetch GET 200 https://registry.npmjs.org/ansi-regex/-/ansi-regex-6.1.0.tgz 1461ms (cache miss)
862 http fetch GET 200 https://registry.npmjs.org/base64-js/-/base64-js-1.5.1.tgz 1456ms (cache miss)
863 http fetch GET 200 https://registry.npmjs.org/emoji-regex/-/emoji-regex-9.2.2.tgz 1502ms (cache miss)
864 http fetch GET 200 https://registry.npmjs.org/crc32-stream/-/crc32-stream-6.0.0.tgz 1568ms (cache miss)
865 http fetch GET 200 https://registry.npmjs.org/isexe/-/isexe-2.0.0.tgz 1565ms (cache miss)
866 http fetch GET 200 https://registry.npmjs.org/safe-buffer/-/safe-buffer-5.2.1.tgz 1545ms (cache miss)
867 http fetch GET 200 https://registry.npmjs.org/eastasianwidth/-/eastasianwidth-0.2.0.tgz 1549ms (cache miss)
868 http fetch GET 200 https://registry.npmjs.org/is-fullwidth-code-point/-/is-fullwidth-code-point-3.0.0.tgz 1591ms (cache miss)
869 http fetch GET 200 https://registry.npmjs.org/ansi-styles/-/ansi-styles-6.2.1.tgz 1614ms (cache miss)
870 http fetch GET 200 https://registry.npmjs.org/shebang-regex/-/shebang-regex-3.0.0.tgz 1589ms (cache miss)
871 http fetch GET 200 https://registry.npmjs.org/ieee754/-/ieee754-1.2.1.tgz 1630ms (cache miss)
872 http fetch GET 200 https://registry.npmjs.org/strip-ansi/-/strip-ansi-6.0.1.tgz 1620ms (cache miss)
873 http fetch GET 200 https://registry.npmjs.org/wrap-ansi/-/wrap-ansi-8.1.0.tgz 1624ms (cache miss)
874 http fetch GET 200 https://registry.npmjs.org/webidl-conversions/-/webidl-conversions-3.0.1.tgz 1686ms (cache miss)
875 http fetch GET 200 https://registry.npmjs.org/strip-ansi/-/strip-ansi-7.1.0.tgz 1652ms (cache miss)
876 http fetch GET 200 https://registry.npmjs.org/@isaacs/cliui/-/cliui-8.0.2.tgz 1649ms (cache miss)
877 http fetch GET 200 https://registry.npmjs.org/wrap-ansi/-/wrap-ansi-7.0.0.tgz 1692ms (cache miss)
878 http fetch GET 200 https://registry.npmjs.org/process/-/process-0.11.10.tgz 1698ms (cache miss)
879 http fetch GET 200 https://registry.npmjs.org/shebang-command/-/shebang-command-2.0.0.tgz 1725ms (cache miss)
880 http fetch GET 200 https://registry.npmjs.org/balanced-match/-/balanced-match-1.0.2.tgz 1721ms (cache miss)
881 http fetch GET 200 https://registry.npmjs.org/signal-exit/-/signal-exit-4.1.0.tgz 1721ms (cache miss)
882 http fetch GET 200 https://registry.npmjs.org/string-width/-/string-width-4.2.3.tgz 1733ms (cache miss)
883 http fetch GET 200 https://registry.npmjs.org/es-errors/-/es-errors-1.3.0.tgz 1721ms (cache miss)
884 http fetch GET 200 https://registry.npmjs.org/string_decoder/-/string_decoder-1.3.0.tgz 1780ms (cache miss)
885 http fetch GET 200 https://registry.npmjs.org/has-symbols/-/has-symbols-1.1.0.tgz 1755ms (cache miss)
886 http fetch GET 200 https://registry.npmjs.org/cross-spawn/-/cross-spawn-7.0.6.tgz 1762ms (cache miss)
887 http fetch GET 200 https://registry.npmjs.org/string-width/-/string-width-5.1.2.tgz 1799ms (cache miss)
888 http fetch GET 200 https://registry.npmjs.org/brace-expansion/-/brace-expansion-2.0.2.tgz 1793ms (cache miss)
889 http fetch GET 200 https://registry.npmjs.org/has-tostringtag/-/has-tostringtag-1.0.2.tgz 1782ms (cache miss)
890 http fetch GET 200 https://registry.npmjs.org/gopd/-/gopd-1.2.0.tgz 1785ms (cache miss)
891 http fetch GET 200 https://registry.npmjs.org/delayed-stream/-/delayed-stream-1.0.0.tgz 1787ms (cache miss)
892 http fetch GET 200 https://registry.npmjs.org/path-key/-/path-key-3.1.1.tgz 1821ms (cache miss)
893 http fetch GET 200 https://registry.npmjs.org/which/-/which-2.0.2.tgz 1826ms (cache miss)
894 http fetch GET 200 https://registry.npmjs.org/mime-db/-/mime-db-1.52.0.tgz 1833ms (cache miss)
895 http fetch GET 200 https://registry.npmjs.org/foreground-child/-/foreground-child-3.3.1.tgz 1817ms (cache miss)
896 http fetch GET 200 https://registry.npmjs.org/mime-types/-/mime-types-2.1.35.tgz 1809ms (cache miss)
897 http fetch GET 200 https://registry.npmjs.org/proxy-from-env/-/proxy-from-env-1.1.0.tgz 1807ms (cache miss)
898 http fetch GET 200 https://registry.npmjs.org/get-intrinsic/-/get-intrinsic-1.3.0.tgz 1813ms (cache miss)
899 http fetch GET 200 https://registry.npmjs.org/crc-32/-/crc-32-1.2.2.tgz 1892ms (cache miss)
900 http fetch GET 200 https://registry.npmjs.org/get-proto/-/get-proto-1.0.1.tgz 1841ms (cache miss)
901 http fetch GET 200 https://registry.npmjs.org/tar-stream/-/tar-stream-3.1.7.tgz 1819ms (cache miss)
902 http fetch GET 200 https://registry.npmjs.org/combined-stream/-/combined-stream-1.0.8.tgz 1815ms (cache miss)
903 http fetch GET 200 https://registry.npmjs.org/hasown/-/hasown-2.0.2.tgz 1846ms (cache miss)
904 http fetch GET 200 https://registry.npmjs.org/normalize-path/-/normalize-path-3.0.0.tgz 1842ms (cache miss)
905 http fetch GET 200 https://registry.npmjs.org/readdir-glob/-/readdir-glob-1.1.3.tgz 1837ms (cache miss)
906 http fetch GET 200 https://registry.npmjs.org/asynckit/-/asynckit-0.4.0.tgz 1850ms (cache miss)
907 http fetch GET 200 https://registry.npmjs.org/graceful-fs/-/graceful-fs-4.2.11.tgz 1843ms (cache miss)
908 http fetch GET 200 https://registry.npmjs.org/strip-ansi/-/strip-ansi-6.0.1.tgz 1831ms (cache miss)
909 http fetch GET 200 https://registry.npmjs.org/strip-ansi/-/strip-ansi-6.0.1.tgz 1825ms (cache miss)
910 http fetch GET 200 https://registry.npmjs.org/lazystream/-/lazystream-1.0.1.tgz 1859ms (cache miss)
911 http fetch GET 200 https://registry.npmjs.org/ansi-regex/-/ansi-regex-5.0.1.tgz 1849ms (cache miss)
912 http fetch GET 200 https://registry.npmjs.org/minimatch/-/minimatch-5.1.6.tgz 1837ms (cache miss)
913 http fetch GET 200 https://registry.npmjs.org/es-define-property/-/es-define-property-1.0.1.tgz 1884ms (cache miss)
914 http fetch GET 200 https://registry.npmjs.org/es-object-atoms/-/es-object-atoms-1.1.1.tgz 1888ms (cache miss)
915 http fetch GET 200 https://registry.npmjs.org/is-stream/-/is-stream-2.0.1.tgz 1875ms (cache miss)
916 http fetch GET 200 https://registry.npmjs.org/zip-stream/-/zip-stream-6.0.1.tgz 1873ms (cache miss)
917 http fetch GET 200 https://registry.npmjs.org/buffer-crc32/-/buffer-crc32-1.0.0.tgz 1870ms (cache miss)
918 http fetch GET 200 https://registry.npmjs.org/string-width/-/string-width-4.2.3.tgz 1861ms (cache miss)
919 http fetch GET 200 https://registry.npmjs.org/emoji-regex/-/emoji-regex-8.0.0.tgz 1867ms (cache miss)
920 http fetch GET 200 https://registry.npmjs.org/archiver/-/archiver-7.0.1.tgz 1863ms (cache miss)
921 http fetch GET 200 https://registry.npmjs.org/@telegraf/types/-/types-7.1.0.tgz 1948ms (cache miss)
922 http fetch GET 200 https://registry.npmjs.org/form-data/-/form-data-4.0.4.tgz 1880ms (cache miss)
923 http fetch GET 200 https://registry.npmjs.org/emoji-regex/-/emoji-regex-8.0.0.tgz 1885ms (cache miss)
924 http fetch GET 200 https://registry.npmjs.org/safe-buffer/-/safe-buffer-5.1.2.tgz 1884ms (cache miss)
925 http fetch GET 200 https://registry.npmjs.org/buffer/-/buffer-6.0.3.tgz 1957ms (cache miss)
926 http fetch GET 200 https://registry.npmjs.org/ansi-regex/-/ansi-regex-5.0.1.tgz 1897ms (cache miss)
927 http fetch GET 200 https://registry.npmjs.org/ansi-regex/-/ansi-regex-5.0.1.tgz 1892ms (cache miss)
928 http fetch GET 200 https://registry.npmjs.org/es-set-tostringtag/-/es-set-tostringtag-2.1.0.tgz 1907ms (cache miss)
929 http fetch GET 200 https://registry.npmjs.org/compress-commons/-/compress-commons-6.0.2.tgz 2002ms (cache miss)
930 http fetch GET 200 https://registry.npmjs.org/archiver-utils/-/archiver-utils-5.0.2.tgz 1919ms (cache miss)
931 http fetch GET 200 https://registry.npmjs.org/ansi-styles/-/ansi-styles-4.3.0.tgz 1905ms (cache miss)
932 http fetch GET 200 https://registry.npmjs.org/string_decoder/-/string_decoder-1.1.1.tgz 1906ms (cache miss)
933 http fetch GET 200 https://registry.npmjs.org/dunder-proto/-/dunder-proto-1.0.1.tgz 1950ms (cache miss)
934 http fetch GET 200 https://registry.npmjs.org/follow-redirects/-/follow-redirects-1.15.11.tgz 1939ms (cache miss)
935 http fetch GET 200 https://registry.npmjs.org/function-bind/-/function-bind-1.1.2.tgz 1976ms (cache miss)
936 http fetch GET 200 https://registry.npmjs.org/package-json-from-dist/-/package-json-from-dist-1.0.1.tgz 1988ms (cache miss)
937 http fetch GET 200 https://registry.npmjs.org/call-bind-apply-helpers/-/call-bind-apply-helpers-1.0.2.tgz 1992ms (cache miss)
938 http fetch GET 200 https://registry.npmjs.org/minipass/-/minipass-7.1.2.tgz 2065ms (cache miss)
939 http fetch GET 200 https://registry.npmjs.org/abort-controller/-/abort-controller-3.0.0.tgz 2093ms (cache miss)
940 http fetch GET 200 https://registry.npmjs.org/jackspeak/-/jackspeak-3.4.3.tgz 2094ms (cache miss)
941 http fetch GET 200 https://registry.npmjs.org/@pkgjs/parseargs/-/parseargs-0.11.0.tgz 2118ms (cache miss)
942 http fetch GET 200 https://registry.npmjs.org/math-intrinsics/-/math-intrinsics-1.1.0.tgz 2112ms (cache miss)
943 http fetch GET 200 https://registry.npmjs.org/events/-/events-3.3.0.tgz 2141ms (cache miss)
944 http fetch GET 200 https://registry.npmjs.org/event-target-shim/-/event-target-shim-5.0.1.tgz 2150ms (cache miss)
945 http fetch GET 200 https://registry.npmjs.org/tr46/-/tr46-0.0.3.tgz 2201ms (cache miss)
946 http fetch GET 200 https://registry.npmjs.org/readable-stream/-/readable-stream-2.3.8.tgz 2099ms (cache miss)
947 http fetch GET 200 https://registry.npmjs.org/path-scurry/-/path-scurry-1.11.1.tgz 2160ms (cache miss)
948 http fetch GET 200 https://registry.npmjs.org/minimatch/-/minimatch-9.0.5.tgz 2277ms (cache miss)
949 http fetch GET 200 https://registry.npmjs.org/readable-stream/-/readable-stream-4.7.0.tgz 2263ms (cache miss)
950 http fetch GET 200 https://registry.npmjs.org/lru-cache/-/lru-cache-10.4.3.tgz 2315ms (cache miss)
951 http fetch GET 200 https://registry.npmjs.org/glob/-/glob-10.4.5.tgz 2301ms (cache miss)
952 http fetch GET 200 https://registry.npmjs.org/async/-/async-3.2.6.tgz 2525ms (cache miss)
953 http fetch GET 200 https://registry.npmjs.org/telegraf/-/telegraf-4.16.3.tgz 2582ms (cache miss)
954 http fetch GET 200 https://registry.npmjs.org/axios/-/axios-1.11.0.tgz 2592ms (cache miss)
955 http fetch GET 200 https://registry.npmjs.org/lodash/-/lodash-4.17.21.tgz 3412ms (cache miss)
956 silly ADD node_modules/color-name
957 silly ADD node_modules/color-convert
958 silly ADD node_modules/util-deprecate
959 silly ADD node_modules/process-nextick-args
960 silly ADD node_modules/isarray
961 silly ADD node_modules/inherits
962 silly ADD node_modules/core-util-is
963 silly ADD node_modules/crc32-stream
964 silly ADD node_modules/crc-32
965 silly ADD node_modules/compress-commons
966 silly ADD node_modules/ansi-styles
967 silly ADD node_modules/isexe
968 silly ADD node_modules/webidl-conversions
969 silly ADD node_modules/tr46
970 silly ADD node_modules/buffer-fill
971 silly ADD node_modules/buffer-alloc-unsafe
972 silly ADD node_modules/buffer-alloc
973 silly ADD node_modules/whatwg-url
974 silly ADD node_modules/ms
975 silly ADD node_modules/sandwich-stream
976 silly ADD node_modules/safe-compare
977 silly ADD node_modules/p-timeout
978 silly ADD node_modules/node-fetch
979 silly ADD node_modules/mri
980 silly ADD node_modules/debug
981 silly ADD node_modules/@telegraf/types
982 silly ADD node_modules/text-decoder
983 silly ADD node_modules/bare-events
984 silly ADD node_modules/streamx
985 silly ADD node_modules/fast-fifo
986 silly ADD node_modules/b4a
987 silly ADD node_modules/ansi-regex
988 silly ADD node_modules/is-fullwidth-code-point
989 silly ADD node_modules/emoji-regex
990 silly ADD node_modules/eastasianwidth
991 silly ADD node_modules/safe-buffer
992 silly ADD node_modules/shebang-regex
993 silly ADD node_modules/ieee754
994 silly ADD node_modules/base64-js
995 silly ADD node_modules/event-target-shim
996 silly ADD node_modules/string_decoder
997 silly ADD node_modules/process
998 silly ADD node_modules/events
999 silly ADD node_modules/buffer
1000 silly ADD node_modules/abort-controller
1001 silly ADD node_modules/lru-cache
1002 silly ADD node_modules/balanced-match
1003 silly ADD node_modules/brace-expansion
1004 silly ADD node_modules/mime-db
1005 silly ADD node_modules/wrap-ansi-cjs
1006 silly ADD node_modules/wrap-ansi-cjs/node_modules/ansi-regex
1007 silly ADD node_modules/wrap-ansi-cjs/node_modules/emoji-regex
1008 silly ADD node_modules/wrap-ansi-cjs/node_modules/strip-ansi
1009 silly ADD node_modules/wrap-ansi-cjs/node_modules/string-width
1010 silly ADD node_modules/wrap-ansi-cjs/node_modules/ansi-styles
1011 silly ADD node_modules/wrap-ansi
1012 silly ADD node_modules/strip-ansi-cjs
1013 silly ADD node_modules/strip-ansi-cjs/node_modules/ansi-regex
1014 silly ADD node_modules/strip-ansi
1015 silly ADD node_modules/string-width-cjs
1016 silly ADD node_modules/string-width-cjs/node_modules/ansi-regex
1017 silly ADD node_modules/string-width-cjs/node_modules/strip-ansi
1018 silly ADD node_modules/string-width-cjs/node_modules/emoji-regex
1019 silly ADD node_modules/string-width
1020 silly ADD node_modules/@pkgjs/parseargs
1021 silly ADD node_modules/@isaacs/cliui
1022 silly ADD node_modules/which
1023 silly ADD node_modules/shebang-command
1024 silly ADD node_modules/path-key
1025 silly ADD node_modules/signal-exit
1026 silly ADD node_modules/cross-spawn
1027 silly ADD node_modules/path-scurry
1028 silly ADD node_modules/package-json-from-dist
1029 silly ADD node_modules/minipass
1030 silly ADD node_modules/minimatch
1031 silly ADD node_modules/jackspeak
1032 silly ADD node_modules/foreground-child
1033 silly ADD node_modules/dunder-proto
1034 silly ADD node_modules/math-intrinsics
1035 silly ADD node_modules/has-symbols
1036 silly ADD node_modules/gopd
1037 silly ADD node_modules/get-proto
1038 silly ADD node_modules/function-bind
1039 silly ADD node_modules/es-object-atoms
1040 silly ADD node_modules/es-define-property
1041 silly ADD node_modules/call-bind-apply-helpers
1042 silly ADD node_modules/has-tostringtag
1043 silly ADD node_modules/get-intrinsic
1044 silly ADD node_modules/es-errors
1045 silly ADD node_modules/delayed-stream
1046 silly ADD node_modules/mime-types
1047 silly ADD node_modules/hasown
1048 silly ADD node_modules/es-set-tostringtag
1049 silly ADD node_modules/combined-stream
1050 silly ADD node_modules/asynckit
1051 silly ADD node_modules/proxy-from-env
1052 silly ADD node_modules/follow-redirects
1053 silly ADD node_modules/normalize-path
1054 silly ADD node_modules/lodash
1055 silly ADD node_modules/lazystream
1056 silly ADD node_modules/lazystream/node_modules/string_decoder
1057 silly ADD node_modules/lazystream/node_modules/safe-buffer
1058 silly ADD node_modules/lazystream/node_modules/readable-stream
1059 silly ADD node_modules/is-stream
1060 silly ADD node_modules/graceful-fs
1061 silly ADD node_modules/glob
1062 silly ADD node_modules/zip-stream
1063 silly ADD node_modules/tar-stream
1064 silly ADD node_modules/readdir-glob
1065 silly ADD node_modules/readdir-glob/node_modules/minimatch
1066 silly ADD node_modules/readable-stream
1067 silly ADD node_modules/buffer-crc32
1068 silly ADD node_modules/async
1069 silly ADD node_modules/archiver-utils
1070 silly ADD node_modules/telegraf
1071 silly ADD node_modules/form-data
1072 silly ADD node_modules/axios
1073 silly ADD node_modules/archiver
1074 verbose cwd /data/data/com.termux/files/home/telegram-bot-base
1075 verbose os Linux 5.10.226-android12-9-00047-g4968e29b7f92-ab12786767
1076 verbose node v24.5.0
1077 verbose npm  v11.5.1
1078 verbose exit 0
1079 info ok
